============================================================
Time  2020/02/21 16:12:38 022 
============================================================
[2020/02/21 16:12:38 022] grm_lex    264  SYS_MSG_LOAD  
[2020/02/21 16:12:38 022] grm_lex    281  SYS_MSG_REGCB  
[2020/02/21 16:12:38 022] grm_lex    267  SYS_MSG_UNLOAD  
[2020/02/21 16:12:38 023] grm_lex    281  SYS_MSG_REGCB  
[2020/02/21 16:12:38 023] grm_lex    251  ISR_MSG_BUILDGRAMMAR  
[2020/02/21 16:12:38 023] grm_lex    100  grm_type :  bnf  
[2020/02/21 16:12:38 023] grm_lex    106  engine_type  :  local  
[2020/02/21 16:12:38 023] grm_lex    106  asr_res_path  :  fo|res/asr/common.jet  
[2020/02/21 16:12:38 023] grm_lex    106  sample_rate  :  16000  
[2020/02/21 16:12:38 023] grm_lex    106  grm_build_path  :  res/asr/GrmBuilld_x64  
[2020/02/21 16:12:38 023] grm_lex    254  ISR_MSG_BUILDGRAMMAR ret =  0  
============================================================
Time  2020/02/21 16:12:52 880 
============================================================
[2020/02/21 16:12:52 881] grm_lex    264  SYS_MSG_LOAD  
[2020/02/21 16:12:52 881] grm_lex    281  SYS_MSG_REGCB  
[2020/02/21 16:12:52 881] grm_lex    267  SYS_MSG_UNLOAD  
[2020/02/21 16:12:52 881] grm_lex    281  SYS_MSG_REGCB  
[2020/02/21 16:12:52 881] grm_lex    251  ISR_MSG_BUILDGRAMMAR  
[2020/02/21 16:12:52 881] grm_lex    100  grm_type :  bnf  
[2020/02/21 16:12:52 881] grm_lex    106  engine_type  :  local  
[2020/02/21 16:12:52 881] grm_lex    106  asr_res_path  :  fo|res/asr/common.jet  
[2020/02/21 16:12:52 881] grm_lex    106  sample_rate  :  16000  
[2020/02/21 16:12:52 881] grm_lex    106  grm_build_path  :  res/asr/GrmBuilld_x64  
[2020/02/21 16:12:52 882] grm_lex    254  ISR_MSG_BUILDGRAMMAR ret =  0  
============================================================
Time  2020/02/21 16:13:40 394 
============================================================
[2020/02/21 16:13:40 394] grm_lex    264  SYS_MSG_LOAD  
[2020/02/21 16:13:40 394] grm_lex    281  SYS_MSG_REGCB  
[2020/02/21 16:13:40 394] grm_lex    267  SYS_MSG_UNLOAD  
[2020/02/21 16:13:40 394] grm_lex    281  SYS_MSG_REGCB  
[2020/02/21 16:13:40 394] grm_lex    251  ISR_MSG_BUILDGRAMMAR  
[2020/02/21 16:13:40 394] grm_lex    100  grm_type :  bnf  
[2020/02/21 16:13:40 394] grm_lex    106  engine_type  :  local  
[2020/02/21 16:13:40 394] grm_lex    106  asr_res_path  :  fo|res/asr/common.jet  
[2020/02/21 16:13:40 394] grm_lex    106  sample_rate  :  16000  
[2020/02/21 16:13:40 394] grm_lex    106  grm_build_path  :  res/asr/GrmBuilld_x64  
[2020/02/21 16:13:40 394] grm_lex    254  ISR_MSG_BUILDGRAMMAR ret =  0  
============================================================
Time  2020/02/21 16:13:53 996 
============================================================
[2020/02/21 16:13:53 996] grm_lex    264  SYS_MSG_LOAD  
[2020/02/21 16:13:53 996] grm_lex    281  SYS_MSG_REGCB  
[2020/02/21 16:13:53 996] grm_lex    267  SYS_MSG_UNLOAD  
[2020/02/21 16:13:53 997] grm_lex    281  SYS_MSG_REGCB  
[2020/02/21 16:13:53 997] grm_lex    251  ISR_MSG_BUILDGRAMMAR  
[2020/02/21 16:13:53 997] grm_lex    100  grm_type :  bnf  
[2020/02/21 16:13:53 999] grm_lex    106  engine_type  :  local  
[2020/02/21 16:13:53 999] grm_lex    106  asr_res_path  :  fo|res/asr/common.jet  
[2020/02/21 16:13:53 999] grm_lex    106  sample_rate  :  16000  
[2020/02/21 16:13:53 999] grm_lex    106  grm_build_path  :  res/asr/GrmBuilld_x64  
[2020/02/21 16:13:54 000] grm_lex    254  ISR_MSG_BUILDGRAMMAR ret =  0  
============================================================
Time  2020/02/21 16:15:41 805 
============================================================
[2020/02/21 16:15:41 805] grm_lex    264  SYS_MSG_LOAD  
[2020/02/21 16:15:41 806] grm_lex    281  SYS_MSG_REGCB  
[2020/02/21 16:15:41 806] grm_lex    267  SYS_MSG_UNLOAD  
[2020/02/21 16:15:41 806] grm_lex    281  SYS_MSG_REGCB  
[2020/02/21 16:15:41 808] grm_lex    251  ISR_MSG_BUILDGRAMMAR  
[2020/02/21 16:15:41 808] grm_lex    100  grm_type :  bnf  
[2020/02/21 16:15:41 808] grm_lex    106  engine_type  :  local  
[2020/02/21 16:15:41 808] grm_lex    106  asr_res_path  :  fo|res/asr/common.jet  
[2020/02/21 16:15:41 808] grm_lex    106  sample_rate  :  16000  
[2020/02/21 16:15:41 808] grm_lex    106  grm_build_path  :  res/asr/GrmBuilld_x64  
[2020/02/21 16:15:41 809] grm_lex    254  ISR_MSG_BUILDGRAMMAR ret =  0  
============================================================
Time  2020/02/21 16:15:53 000 
============================================================
[2020/02/21 16:15:53 000] grm_lex    264  SYS_MSG_LOAD  
[2020/02/21 16:15:53 000] grm_lex    281  SYS_MSG_REGCB  
[2020/02/21 16:15:53 000] grm_lex    267  SYS_MSG_UNLOAD  
[2020/02/21 16:15:53 000] grm_lex    281  SYS_MSG_REGCB  
[2020/02/21 16:15:53 000] grm_lex    251  ISR_MSG_BUILDGRAMMAR  
[2020/02/21 16:15:53 000] grm_lex    100  grm_type :  bnf  
[2020/02/21 16:15:53 000] grm_lex    106  engine_type  :  local  
[2020/02/21 16:15:53 000] grm_lex    106  asr_res_path  :  fo|res/asr/common.jet  
[2020/02/21 16:15:53 000] grm_lex    106  sample_rate  :  16000  
[2020/02/21 16:15:53 000] grm_lex    106  grm_build_path  :  res/asr/GrmBuilld_x64  
[2020/02/21 16:15:53 002] grm_lex    254  ISR_MSG_BUILDGRAMMAR ret =  0  
============================================================
Time  2020/02/21 16:16:29 148 
============================================================
[2020/02/21 16:16:29 148] grm_lex    264  SYS_MSG_LOAD  
[2020/02/21 16:16:29 148] grm_lex    281  SYS_MSG_REGCB  
[2020/02/21 16:16:29 148] grm_lex    267  SYS_MSG_UNLOAD  
[2020/02/21 16:16:29 148] grm_lex    281  SYS_MSG_REGCB  
[2020/02/21 16:16:29 148] grm_lex    251  ISR_MSG_BUILDGRAMMAR  
[2020/02/21 16:16:29 148] grm_lex    100  grm_type :  bnf  
[2020/02/21 16:16:29 148] grm_lex    106  engine_type  :  local  
[2020/02/21 16:16:29 148] grm_lex    106  asr_res_path  :  fo|res/asr/common.jet  
[2020/02/21 16:16:29 148] grm_lex    106  sample_rate  :  16000  
[2020/02/21 16:16:29 148] grm_lex    106  grm_build_path  :  res/asr/GrmBuilld_x64  
[2020/02/21 16:16:29 150] grm_lex    254  ISR_MSG_BUILDGRAMMAR ret =  0  
============================================================
Time  2020/02/21 16:19:56 852 
============================================================
[2020/02/21 16:19:56 852] grm_lex    264  SYS_MSG_LOAD  
[2020/02/21 16:19:56 852] grm_lex    281  SYS_MSG_REGCB  
[2020/02/21 16:19:56 852] grm_lex    267  SYS_MSG_UNLOAD  
[2020/02/21 16:19:56 852] grm_lex    281  SYS_MSG_REGCB  
[2020/02/21 16:19:56 854] grm_lex    251  ISR_MSG_BUILDGRAMMAR  
[2020/02/21 16:19:56 854] grm_lex    100  grm_type :  bnf  
[2020/02/21 16:19:56 854] grm_lex    106  engine_type  :  local  
[2020/02/21 16:19:56 854] grm_lex    106  asr_res_path  :  fo|res/asr/common.jet  
[2020/02/21 16:19:56 854] grm_lex    106  sample_rate  :  16000  
[2020/02/21 16:19:56 854] grm_lex    106  grm_build_path  :  res/asr/GrmBuilld_x64  
[2020/02/21 16:19:56 854] grm_lex    254  ISR_MSG_BUILDGRAMMAR ret =  0  
============================================================
Time  2020/02/21 16:20:03 441 
============================================================
[2020/02/21 16:20:03 441] grm_lex    264  SYS_MSG_LOAD  
[2020/02/21 16:20:03 443] grm_lex    281  SYS_MSG_REGCB  
[2020/02/21 16:20:03 443] grm_lex    267  SYS_MSG_UNLOAD  
[2020/02/21 16:20:03 443] grm_lex    281  SYS_MSG_REGCB  
[2020/02/21 16:20:03 443] grm_lex    251  ISR_MSG_BUILDGRAMMAR  
[2020/02/21 16:20:03 443] grm_lex    100  grm_type :  bnf  
[2020/02/21 16:20:03 443] grm_lex    106  engine_type  :  local  
[2020/02/21 16:20:03 443] grm_lex    106  asr_res_path  :  fo|res/asr/common.jet  
[2020/02/21 16:20:03 443] grm_lex    106  sample_rate  :  16000  
[2020/02/21 16:20:03 443] grm_lex    106  grm_build_path  :  res/asr/GrmBuilld_x64  
[2020/02/21 16:20:03 444] grm_lex    254  ISR_MSG_BUILDGRAMMAR ret =  0  
============================================================
Time  2020/02/21 16:20:17 118 
============================================================
[2020/02/21 16:20:17 118] grm_lex    264  SYS_MSG_LOAD  
[2020/02/21 16:20:17 118] grm_lex    281  SYS_MSG_REGCB  
[2020/02/21 16:20:17 118] grm_lex    267  SYS_MSG_UNLOAD  
[2020/02/21 16:20:17 118] grm_lex    281  SYS_MSG_REGCB  
[2020/02/21 16:20:17 118] grm_lex    251  ISR_MSG_BUILDGRAMMAR  
[2020/02/21 16:20:17 118] grm_lex    100  grm_type :  bnf  
[2020/02/21 16:20:17 118] grm_lex    106  engine_type  :  local  
[2020/02/21 16:20:17 118] grm_lex    106  asr_res_path  :  fo|res/asr/common.jet  
[2020/02/21 16:20:17 118] grm_lex    106  sample_rate  :  16000  
[2020/02/21 16:20:17 118] grm_lex    106  grm_build_path  :  res/asr/GrmBuilld_x64  
[2020/02/21 16:20:17 118] grm_lex    254  ISR_MSG_BUILDGRAMMAR ret =  0  
============================================================
Time  2020/02/21 16:21:29 351 
============================================================
[2020/02/21 16:21:29 351] grm_lex    264  SYS_MSG_LOAD  
[2020/02/21 16:21:29 351] grm_lex    281  SYS_MSG_REGCB  
[2020/02/21 16:21:29 351] grm_lex    267  SYS_MSG_UNLOAD  
[2020/02/21 16:21:29 351] grm_lex    281  SYS_MSG_REGCB  
[2020/02/21 16:21:29 351] grm_lex    251  ISR_MSG_BUILDGRAMMAR  
[2020/02/21 16:21:29 351] grm_lex    100  grm_type :  bnf  
[2020/02/21 16:21:29 351] grm_lex    106  engine_type  :  local  
[2020/02/21 16:21:29 351] grm_lex    106  asr_res_path  :  fo|res/asr/common.jet  
[2020/02/21 16:21:29 351] grm_lex    106  sample_rate  :  16000  
[2020/02/21 16:21:29 351] grm_lex    106  grm_build_path  :  res/asr/GrmBuilld_x64  
[2020/02/21 16:21:29 351] grm_lex    254  ISR_MSG_BUILDGRAMMAR ret =  0  
