============================================================
Time  2020/02/21 16:12:38 013 
============================================================
[2020/02/21 16:12:38 013] lgi        684  SYS_MSG_LOAD  
[2020/02/21 16:12:38 013] lgi        706  SYS_MSG_REGCB  msp_status_cb  func(3767ff20) 
[2020/02/21 16:12:38 013] lgi        298  LGI_MSG_INIT  
[2020/02/21 16:12:38 013] lgi        305  lgi  lgi_  268436457  1552357598  
[2020/02/21 16:12:38 019] lgi        403  token:  nil  
[2020/02/21 16:12:38 019] lgi        476  msc cver : 5.0.42.1226  
[2020/02/21 16:12:38 019] lgi        519  ns_enable=  1  
[2020/02/21 16:12:38 019] lgi        531  prot_ver=1  
[2020/02/21 16:12:38 019] lgi        542  prot_type=tcp  
[2020/02/21 16:12:38 019] lgi        693  SYS_MSG_UNLOAD  go bg!  
============================================================
Time  2020/02/21 16:12:52 875 
============================================================
[2020/02/21 16:12:52 875] lgi        684  SYS_MSG_LOAD  
[2020/02/21 16:12:52 875] lgi        706  SYS_MSG_REGCB  msp_status_cb  func(f18df430) 
[2020/02/21 16:12:52 875] lgi        298  LGI_MSG_INIT  
[2020/02/21 16:12:52 875] lgi        305  lgi  lgi_  268436457  1552357598  
[2020/02/21 16:12:52 875] lgi        403  token:  nil  
[2020/02/21 16:12:52 875] lgi        476  msc cver : 5.0.42.1226  
[2020/02/21 16:12:52 877] lgi        519  ns_enable=  1  
[2020/02/21 16:12:52 877] lgi        531  prot_ver=1  
[2020/02/21 16:12:52 877] lgi        542  prot_type=tcp  
[2020/02/21 16:12:52 877] lgi        693  SYS_MSG_UNLOAD  go bg!  
============================================================
Time  2020/02/21 16:13:35 026 
============================================================
[2020/02/21 16:13:35 026] lgi        684  SYS_MSG_LOAD  
[2020/02/21 16:13:35 026] lgi        706  SYS_MSG_REGCB  msp_status_cb  func(d7cef430) 
[2020/02/21 16:13:35 026] lgi        298  LGI_MSG_INIT  
[2020/02/21 16:13:35 028] lgi        305  lgi  lgi_  268436457  1552357598  
[2020/02/21 16:13:35 028] lgi        403  token:  nil  
[2020/02/21 16:13:35 028] lgi        476  msc cver : 5.0.42.1226  
[2020/02/21 16:13:35 028] lgi        519  ns_enable=  1  
[2020/02/21 16:13:35 028] lgi        531  prot_ver=1  
[2020/02/21 16:13:35 028] lgi        542  prot_type=tcp  
[2020/02/21 16:13:35 028] lgi        693  SYS_MSG_UNLOAD  go bg!  
============================================================
Time  2020/02/21 16:13:51 783 
============================================================
[2020/02/21 16:13:51 783] lgi        684  SYS_MSG_LOAD  
[2020/02/21 16:13:51 783] lgi        706  SYS_MSG_REGCB  msp_status_cb  func(2ff3f510) 
[2020/02/21 16:13:51 783] lgi        298  LGI_MSG_INIT  
[2020/02/21 16:13:51 783] lgi        305  lgi  lgi_  268436457  1552357598  
[2020/02/21 16:13:51 785] lgi        403  token:  nil  
[2020/02/21 16:13:51 785] lgi        476  msc cver : 5.0.42.1226  
[2020/02/21 16:13:51 785] lgi        519  ns_enable=  1  
[2020/02/21 16:13:51 785] lgi        531  prot_ver=1  
[2020/02/21 16:13:51 785] lgi        542  prot_type=tcp  
[2020/02/21 16:13:51 785] lgi        693  SYS_MSG_UNLOAD  go bg!  
============================================================
Time  2020/02/21 16:15:38 591 
============================================================
[2020/02/21 16:15:38 591] lgi        684  SYS_MSG_LOAD  
[2020/02/21 16:15:38 592] lgi        706  SYS_MSG_REGCB  msp_status_cb  func(4fa9f9e0) 
[2020/02/21 16:15:38 592] lgi        298  LGI_MSG_INIT  
[2020/02/21 16:15:38 592] lgi        305  lgi  lgi_  268436457  1552357598  
[2020/02/21 16:15:38 592] lgi        403  token:  nil  
[2020/02/21 16:15:38 592] lgi        476  msc cver : 5.0.42.1226  
[2020/02/21 16:15:38 592] lgi        519  ns_enable=  1  
[2020/02/21 16:15:38 592] lgi        531  prot_ver=1  
[2020/02/21 16:15:38 592] lgi        542  prot_type=tcp  
[2020/02/21 16:15:38 592] lgi        693  SYS_MSG_UNLOAD  go bg!  
============================================================
Time  2020/02/21 16:15:52 996 
============================================================
[2020/02/21 16:15:52 996] lgi        684  SYS_MSG_LOAD  
[2020/02/21 16:15:52 996] lgi        706  SYS_MSG_REGCB  msp_status_cb  func(7b430150) 
[2020/02/21 16:15:52 996] lgi        298  LGI_MSG_INIT  
[2020/02/21 16:15:52 996] lgi        305  lgi  lgi_  268436457  1552357598  
[2020/02/21 16:15:52 996] lgi        403  token:  nil  
[2020/02/21 16:15:52 996] lgi        476  msc cver : 5.0.42.1226  
[2020/02/21 16:15:52 996] lgi        519  ns_enable=  1  
[2020/02/21 16:15:52 996] lgi        531  prot_ver=1  
[2020/02/21 16:15:52 996] lgi        542  prot_type=tcp  
[2020/02/21 16:15:52 997] lgi        693  SYS_MSG_UNLOAD  go bg!  
============================================================
Time  2020/02/21 16:16:29 144 
============================================================
[2020/02/21 16:16:29 144] lgi        684  SYS_MSG_LOAD  
[2020/02/21 16:16:29 145] lgi        706  SYS_MSG_REGCB  msp_status_cb  func(d5e2f5f0) 
[2020/02/21 16:16:29 145] lgi        298  LGI_MSG_INIT  
[2020/02/21 16:16:29 145] lgi        305  lgi  lgi_  268436457  1552357598  
[2020/02/21 16:16:29 145] lgi        403  token:  nil  
[2020/02/21 16:16:29 145] lgi        476  msc cver : 5.0.42.1226  
[2020/02/21 16:16:29 145] lgi        519  ns_enable=  1  
[2020/02/21 16:16:29 145] lgi        531  prot_ver=1  
[2020/02/21 16:16:29 145] lgi        542  prot_type=tcp  
[2020/02/21 16:16:29 145] lgi        693  SYS_MSG_UNLOAD  go bg!  
============================================================
Time  2020/02/21 16:19:56 848 
============================================================
[2020/02/21 16:19:56 849] lgi        684  SYS_MSG_LOAD  
[2020/02/21 16:19:56 849] lgi        706  SYS_MSG_REGCB  msp_status_cb  func(7868f4a0) 
[2020/02/21 16:19:56 849] lgi        298  LGI_MSG_INIT  
[2020/02/21 16:19:56 849] lgi        305  lgi  lgi_  268436457  1552357598  
[2020/02/21 16:19:56 849] lgi        403  token:  nil  
[2020/02/21 16:19:56 849] lgi        476  msc cver : 5.0.42.1226  
[2020/02/21 16:19:56 849] lgi        519  ns_enable=  1  
[2020/02/21 16:19:56 851] lgi        531  prot_ver=1  
[2020/02/21 16:19:56 851] lgi        542  prot_type=tcp  
[2020/02/21 16:19:56 851] lgi        693  SYS_MSG_UNLOAD  go bg!  
============================================================
Time  2020/02/21 16:20:03 438 
============================================================
[2020/02/21 16:20:03 438] lgi        684  SYS_MSG_LOAD  
[2020/02/21 16:20:03 438] lgi        706  SYS_MSG_REGCB  msp_status_cb  func(70710520) 
[2020/02/21 16:20:03 440] lgi        298  LGI_MSG_INIT  
[2020/02/21 16:20:03 440] lgi        305  lgi  lgi_  268436457  1552357598  
[2020/02/21 16:20:03 440] lgi        403  token:  nil  
[2020/02/21 16:20:03 440] lgi        476  msc cver : 5.0.42.1226  
[2020/02/21 16:20:03 440] lgi        519  ns_enable=  1  
[2020/02/21 16:20:03 440] lgi        531  prot_ver=1  
[2020/02/21 16:20:03 440] lgi        542  prot_type=tcp  
[2020/02/21 16:20:03 440] lgi        693  SYS_MSG_UNLOAD  go bg!  
============================================================
Time  2020/02/21 16:20:17 114 
============================================================
[2020/02/21 16:20:17 114] lgi        684  SYS_MSG_LOAD  
[2020/02/21 16:20:17 115] lgi        706  SYS_MSG_REGCB  msp_status_cb  func(bfca0e50) 
[2020/02/21 16:20:17 115] lgi        298  LGI_MSG_INIT  
[2020/02/21 16:20:17 115] lgi        305  lgi  lgi_  268436457  1552357598  
[2020/02/21 16:20:17 115] lgi        403  token:  nil  
[2020/02/21 16:20:17 115] lgi        476  msc cver : 5.0.42.1226  
[2020/02/21 16:20:17 115] lgi        519  ns_enable=  1  
[2020/02/21 16:20:17 115] lgi        531  prot_ver=1  
[2020/02/21 16:20:17 115] lgi        542  prot_type=tcp  
[2020/02/21 16:20:17 115] lgi        693  SYS_MSG_UNLOAD  go bg!  
============================================================
Time  2020/02/21 16:21:29 348 
============================================================
[2020/02/21 16:21:29 348] lgi        684  SYS_MSG_LOAD  
[2020/02/21 16:21:29 348] lgi        706  SYS_MSG_REGCB  msp_status_cb  func(d7fafcf0) 
[2020/02/21 16:21:29 348] lgi        298  LGI_MSG_INIT  
[2020/02/21 16:21:29 348] lgi        305  lgi  lgi_  268436457  1552357598  
[2020/02/21 16:21:29 348] lgi        403  token:  nil  
[2020/02/21 16:21:29 348] lgi        476  msc cver : 5.0.42.1226  
[2020/02/21 16:21:29 348] lgi        519  ns_enable=  1  
[2020/02/21 16:21:29 348] lgi        531  prot_ver=1  
[2020/02/21 16:21:29 348] lgi        542  prot_type=tcp  
[2020/02/21 16:21:29 348] lgi        693  SYS_MSG_UNLOAD  go bg!  
