============================================================
Time  2020/02/21 16:12:38 022 
============================================================
[2020/02/21 16:12:38 022] grm_lex    264  SYS_MSG_LOAD  
[2020/02/21 16:12:38 022] grm_lex    281  SYS_MSG_REGCB  
[2020/02/21 16:12:38 022] grm_lex    267  SYS_MSG_UNLOAD  
[2020/02/21 16:12:38 023] grm_lex    281  SYS_MSG_REGCB  
[2020/02/21 16:12:38 023] grm_lex    251  ISR_MSG_BUILDGRAMMAR  
[2020/02/21 16:12:38 023] grm_lex    100  grm_type :  bnf  
[2020/02/21 16:12:38 023] grm_lex    106  engine_type  :  local  
[2020/02/21 16:12:38 023] grm_lex    106  asr_res_path  :  fo|res/asr/common.jet  
[2020/02/21 16:12:38 023] grm_lex    106  sample_rate  :  16000  
[2020/02/21 16:12:38 023] grm_lex    106  grm_build_path  :  res/asr/GrmBuilld_x64  
[2020/02/21 16:12:38 023] grm_lex    254  ISR_MSG_BUILDGRAMMAR ret =  0  
============================================================
Time  2020/02/21 16:12:52 880 
============================================================
[2020/02/21 16:12:52 881] grm_lex    264  SYS_MSG_LOAD  
[2020/02/21 16:12:52 881] grm_lex    281  SYS_MSG_REGCB  
[2020/02/21 16:12:52 881] grm_lex    267  SYS_MSG_UNLOAD  
[2020/02/21 16:12:52 881] grm_lex    281  SYS_MSG_REGCB  
[2020/02/21 16:12:52 881] grm_lex    251  ISR_MSG_BUILDGRAMMAR  
[2020/02/21 16:12:52 881] grm_lex    100  grm_type :  bnf  
[2020/02/21 16:12:52 881] grm_lex    106  engine_type  :  local  
[2020/02/21 16:12:52 881] grm_lex    106  asr_res_path  :  fo|res/asr/common.jet  
[2020/02/21 16:12:52 881] grm_lex    106  sample_rate  :  16000  
[2020/02/21 16:12:52 881] grm_lex    106  grm_build_path  :  res/asr/GrmBuilld_x64  
[2020/02/21 16:12:52 882] grm_lex    254  ISR_MSG_BUILDGRAMMAR ret =  0  
============================================================
Time  2020/02/21 16:13:40 394 
============================================================
[2020/02/21 16:13:40 394] grm_lex    264  SYS_MSG_LOAD  
[2020/02/21 16:13:40 394] grm_lex    281  SYS_MSG_REGCB  
[2020/02/21 16:13:40 394] grm_lex    267  SYS_MSG_UNLOAD  
[2020/02/21 16:13:40 394] grm_lex    281  SYS_MSG_REGCB  
[2020/02/21 16:13:40 394] grm_lex    251  ISR_MSG_BUILDGRAMMAR  
[2020/02/21 16:13:40 394] grm_lex    100  grm_type :  bnf  
[2020/02/21 16:13:40 394] grm_lex    106  engine_type  :  local  
[2020/02/21 16:13:40 394] grm_lex    106  asr_res_path  :  fo|res/asr/common.jet  
[2020/02/21 16:13:40 394] grm_lex    106  sample_rate  :  16000  
[2020/02/21 16:13:40 394] grm_lex    106  grm_build_path  :  res/asr/GrmBuilld_x64  
[2020/02/21 16:13:40 394] grm_lex    254  ISR_MSG_BUILDGRAMMAR ret =  0  
============================================================
Time  2020/02/21 16:13:53 996 
============================================================
[2020/02/21 16:13:53 996] grm_lex    264  SYS_MSG_LOAD  
[2020/02/21 16:13:53 996] grm_lex    281  SYS_MSG_REGCB  
[2020/02/21 16:13:53 996] grm_lex    267  SYS_MSG_UNLOAD  
[2020/02/21 16:13:53 997] grm_lex    281  SYS_MSG_REGCB  
[2020/02/21 16:13:53 997] grm_lex    251  ISR_MSG_BUILDGRAMMAR  
[2020/02/21 16:13:53 997] grm_lex    100  grm_type :  bnf  
[2020/02/21 16:13:53 999] grm_lex    106  engine_type  :  local  
[2020/02/21 16:13:53 999] grm_lex    106  asr_res_path  :  fo|res/asr/common.jet  
[2020/02/21 16:13:53 999] grm_lex    106  sample_rate  :  16000  
[2020/02/21 16:13:53 999] grm_lex    106  grm_build_path  :  res/asr/GrmBuilld_x64  
[2020/02/21 16:13:54 000] grm_lex    254  ISR_MSG_BUILDGRAMMAR ret =  0  
============================================================
Time  2020/02/21 16:15:41 805 
============================================================
[2020/02/21 16:15:41 805] grm_lex    264  SYS_MSG_LOAD  
[2020/02/21 16:15:41 806] grm_lex    281  SYS_MSG_REGCB  
[2020/02/21 16:15:41 806] grm_lex    267  SYS_MSG_UNLOAD  
[2020/02/21 16:15:41 806] grm_lex    281  SYS_MSG_REGCB  
[2020/02/21 16:15:41 808] grm_lex    251  ISR_MSG_BUILDGRAMMAR  
[2020/02/21 16:15:41 808] grm_lex    100  grm_type :  bnf  
[2020/02/21 16:15:41 808] grm_lex    106  engine_type  :  local  
[2020/02/21 16:15:41 808] grm_lex    106  asr_res_path  :  fo|res/asr/common.jet  
[2020/02/21 16:15:41 808] grm_lex    106  sample_rate  :  16000  
[2020/02/21 16:15:41 808] grm_lex    106  grm_build_path  :  res/asr/GrmBuilld_x64  
[2020/02/21 16:15:41 809] grm_lex    254  ISR_MSG_BUILDGRAMMAR ret =  0  
============================================================
Time  2020/02/21 16:15:53 000 
============================================================
[2020/02/21 16:15:53 000] grm_lex    264  SYS_MSG_LOAD  
[2020/02/21 16:15:53 000] grm_lex    281  SYS_MSG_REGCB  
[2020/02/21 16:15:53 000] grm_lex    267  SYS_MSG_UNLOAD  
[2020/02/21 16:15:53 000] grm_lex    281  SYS_MSG_REGCB  
[2020/02/21 16:15:53 000] grm_lex    251  ISR_MSG_BUILDGRAMMAR  
[2020/02/21 16:15:53 000] grm_lex    100  grm_type :  bnf  
[2020/02/21 16:15:53 000] grm_lex    106  engine_type  :  local  
[2020/02/21 16:15:53 000] grm_lex    106  asr_res_path  :  fo|res/asr/common.jet  
[2020/02/21 16:15:53 000] grm_lex    106  sample_rate  :  16000  
[2020/02/21 16:15:53 000] grm_lex    106  grm_build_path  :  res/asr/GrmBuilld_x64  
[2020/02/21 16:15:53 002] grm_lex    254  ISR_MSG_BUILDGRAMMAR ret =  0  
============================================================
Time  2020/02/21 16:16:29 148 
============================================================
[2020/02/21 16:16:29 148] grm_lex    264  SYS_MSG_LOAD  
[2020/02/21 16:16:29 148] grm_lex    281  SYS_MSG_REGCB  
[2020/02/21 16:16:29 148] grm_lex    267  SYS_MSG_UNLOAD  
[2020/02/21 16:16:29 148] grm_lex    281  SYS_MSG_REGCB  
[2020/02/21 16:16:29 148] grm_lex    251  ISR_MSG_BUILDGRAMMAR  
[2020/02/21 16:16:29 148] grm_lex    100  grm_type :  bnf  
[2020/02/21 16:16:29 148] grm_lex    106  engine_type  :  local  
[2020/02/21 16:16:29 148] grm_lex    106  asr_res_path  :  fo|res/asr/common.jet  
[2020/02/21 16:16:29 148] grm_lex    106  sample_rate  :  16000  
[2020/02/21 16:16:29 148] grm_lex    106  grm_build_path  :  res/asr/GrmBuilld_x64  
[2020/02/21 16:16:29 150] grm_lex    254  ISR_MSG_BUILDGRAMMAR ret =  0  
============================================================
Time  2020/02/21 16:19:56 852 
============================================================
[2020/02/21 16:19:56 852] grm_lex    264  SYS_MSG_LOAD  
[2020/02/21 16:19:56 852] grm_lex    281  SYS_MSG_REGCB  
[2020/02/21 16:19:56 852] grm_lex    267  SYS_MSG_UNLOAD  
[2020/02/21 16:19:56 852] grm_lex    281  SYS_MSG_REGCB  
[2020/02/21 16:19:56 854] grm_lex    251  ISR_MSG_BUILDGRAMMAR  
[2020/02/21 16:19:56 854] grm_lex    100  grm_type :  bnf  
[2020/02/21 16:19:56 854] grm_lex    106  engine_type  :  local  
[2020/02/21 16:19:56 854] grm_lex    106  asr_res_path  :  fo|res/asr/common.jet  
[2020/02/21 16:19:56 854] grm_lex    106  sample_rate  :  16000  
[2020/02/21 16:19:56 854] grm_lex    106  grm_build_path  :  res/asr/GrmBuilld_x64  
[2020/02/21 16:19:56 854] grm_lex    254  ISR_MSG_BUILDGRAMMAR ret =  0  
============================================================
Time  2020/02/21 16:20:03 441 
============================================================
[2020/02/21 16:20:03 441] grm_lex    264  SYS_MSG_LOAD  
[2020/02/21 16:20:03 443] grm_lex    281  SYS_MSG_REGCB  
[2020/02/21 16:20:03 443] grm_lex    267  SYS_MSG_UNLOAD  
[2020/02/21 16:20:03 443] grm_lex    281  SYS_MSG_REGCB  
[2020/02/21 16:20:03 443] grm_lex    251  ISR_MSG_BUILDGRAMMAR  
[2020/02/21 16:20:03 443] grm_lex    100  grm_type :  bnf  
[2020/02/21 16:20:03 443] grm_lex    106  engine_type  :  local  
[2020/02/21 16:20:03 443] grm_lex    106  asr_res_path  :  fo|res/asr/common.jet  
[2020/02/21 16:20:03 443] grm_lex    106  sample_rate  :  16000  
[2020/02/21 16:20:03 443] grm_lex    106  grm_build_path  :  res/asr/GrmBuilld_x64  
[2020/02/21 16:20:03 444] grm_lex    254  ISR_MSG_BUILDGRAMMAR ret =  0  
============================================================
Time  2020/02/21 16:20:17 118 
============================================================
[2020/02/21 16:20:17 118] grm_lex    264  SYS_MSG_LOAD  
[2020/02/21 16:20:17 118] grm_lex    281  SYS_MSG_REGCB  
[2020/02/21 16:20:17 118] grm_lex    267  SYS_MSG_UNLOAD  
[2020/02/21 16:20:17 118] grm_lex    281  SYS_MSG_REGCB  
[2020/02/21 16:20:17 118] grm_lex    251  ISR_MSG_BUILDGRAMMAR  
[2020/02/21 16:20:17 118] grm_lex    100  grm_type :  bnf  
[2020/02/21 16:20:17 118] grm_lex    106  engine_type  :  local  
[2020/02/21 16:20:17 118] grm_lex    106  asr_res_path  :  fo|res/asr/common.jet  
[2020/02/21 16:20:17 118] grm_lex    106  sample_rate  :  16000  
[2020/02/21 16:20:17 118] grm_lex    106  grm_build_path  :  res/asr/GrmBuilld_x64  
[2020/02/21 16:20:17 118] grm_lex    254  ISR_MSG_BUILDGRAMMAR ret =  0  
============================================================
Time  2020/02/21 16:21:29 351 
============================================================
[2020/02/21 16:21:29 351] grm_lex    264  SYS_MSG_LOAD  
[2020/02/21 16:21:29 351] grm_lex    281  SYS_MSG_REGCB  
[2020/02/21 16:21:29 351] grm_lex    267  SYS_MSG_UNLOAD  
[2020/02/21 16:21:29 351] grm_lex    281  SYS_MSG_REGCB  
[2020/02/21 16:21:29 351] grm_lex    251  ISR_MSG_BUILDGRAMMAR  
[2020/02/21 16:21:29 351] grm_lex    100  grm_type :  bnf  
[2020/02/21 16:21:29 351] grm_lex    106  engine_type  :  local  
[2020/02/21 16:21:29 351] grm_lex    106  asr_res_path  :  fo|res/asr/common.jet  
[2020/02/21 16:21:29 351] grm_lex    106  sample_rate  :  16000  
[2020/02/21 16:21:29 351] grm_lex    106  grm_build_path  :  res/asr/GrmBuilld_x64  
[2020/02/21 16:21:29 351] grm_lex    254  ISR_MSG_BUILDGRAMMAR ret =  0  
============================================================
Time  2020/02/21 16:26:00 473 
============================================================
[2020/02/21 16:26:00 473] grm_lex    264  SYS_MSG_LOAD  
[2020/02/21 16:26:00 473] grm_lex    281  SYS_MSG_REGCB  
[2020/02/21 16:26:00 473] grm_lex    267  SYS_MSG_UNLOAD  
[2020/02/21 16:26:00 473] grm_lex    281  SYS_MSG_REGCB  
[2020/02/21 16:26:00 474] grm_lex    251  ISR_MSG_BUILDGRAMMAR  
[2020/02/21 16:26:00 474] grm_lex    100  grm_type :  bnf  
[2020/02/21 16:26:00 474] grm_lex    106  engine_type  :  local  
[2020/02/21 16:26:00 474] grm_lex    106  asr_res_path  :  msc/res/asr/common.jet  
[2020/02/21 16:26:00 474] grm_lex    106  sample_rate  :  16000  
[2020/02/21 16:26:00 474] grm_lex    106  grm_build_path  :  msc/res/asr/GrmBuilld  
[2020/02/21 16:26:00 476] grm_lex    254  ISR_MSG_BUILDGRAMMAR ret =  0  
[2020/02/21 16:26:00 490] grm_lex    71   23002  nil  
============================================================
Time  2020/02/21 16:31:23 750 
============================================================
[2020/02/21 16:31:23 750] grm_lex    264  SYS_MSG_LOAD  
[2020/02/21 16:31:23 750] grm_lex    281  SYS_MSG_REGCB  
[2020/02/21 16:31:23 750] grm_lex    267  SYS_MSG_UNLOAD  
[2020/02/21 16:31:23 750] grm_lex    281  SYS_MSG_REGCB  
[2020/02/21 16:31:23 752] grm_lex    251  ISR_MSG_BUILDGRAMMAR  
[2020/02/21 16:31:23 752] grm_lex    100  grm_type :  bnf  
[2020/02/21 16:31:23 752] grm_lex    106  engine_type  :  local  
[2020/02/21 16:31:23 752] grm_lex    106  asr_res_path  :  msc/res/asr/common.jet  
[2020/02/21 16:31:23 752] grm_lex    106  sample_rate  :  16000  
[2020/02/21 16:31:23 752] grm_lex    106  grm_build_path  :  msc/res/asr/GrmBuilld  
[2020/02/21 16:31:23 753] grm_lex    254  ISR_MSG_BUILDGRAMMAR ret =  0  
[2020/02/21 16:31:23 765] grm_lex    71   23002  nil  
============================================================
Time  2020/02/21 16:49:55 822 
============================================================
[2020/02/21 16:49:55 823] grm_lex    264  SYS_MSG_LOAD  
[2020/02/21 16:49:55 823] grm_lex    281  SYS_MSG_REGCB  
[2020/02/21 16:49:55 823] grm_lex    267  SYS_MSG_UNLOAD  
[2020/02/21 16:49:55 823] grm_lex    281  SYS_MSG_REGCB  
[2020/02/21 16:49:55 823] grm_lex    251  ISR_MSG_BUILDGRAMMAR  
[2020/02/21 16:49:55 823] grm_lex    100  grm_type :  bnf  
[2020/02/21 16:49:55 823] grm_lex    106  engine_type  :  local  
[2020/02/21 16:49:55 823] grm_lex    106  asr_res_path  :  msc/res/asr/common.jet  
[2020/02/21 16:49:55 823] grm_lex    106  sample_rate  :  16000  
[2020/02/21 16:49:55 823] grm_lex    106  grm_build_path  :  msc/res/asr/GrmBuilld  
[2020/02/21 16:49:55 825] grm_lex    254  ISR_MSG_BUILDGRAMMAR ret =  0  
[2020/02/21 16:49:55 835] grm_lex    71   23002  nil  
============================================================
Time  2020/02/21 16:51:42 974 
============================================================
[2020/02/21 16:51:42 974] grm_lex    264  SYS_MSG_LOAD  
[2020/02/21 16:51:42 974] grm_lex    281  SYS_MSG_REGCB  
[2020/02/21 16:51:42 974] grm_lex    267  SYS_MSG_UNLOAD  
[2020/02/21 16:51:42 974] grm_lex    281  SYS_MSG_REGCB  
[2020/02/21 16:51:42 976] grm_lex    251  ISR_MSG_BUILDGRAMMAR  
[2020/02/21 16:51:42 976] grm_lex    100  grm_type :  bnf  
[2020/02/21 16:51:42 976] grm_lex    106  engine_type  :  local  
[2020/02/21 16:51:42 976] grm_lex    106  asr_res_path  :  msc/res/asr/common.jet  
[2020/02/21 16:51:42 976] grm_lex    106  sample_rate  :  16000  
[2020/02/21 16:51:42 976] grm_lex    106  grm_build_path  :  msc/res/asr/GrmBuilld  
[2020/02/21 16:51:42 976] grm_lex    254  ISR_MSG_BUILDGRAMMAR ret =  0  
[2020/02/21 16:51:42 986] grm_lex    71   23002  nil  
============================================================
Time  2020/02/21 16:52:50 698 
============================================================
[2020/02/21 16:52:50 700] grm_lex    264  SYS_MSG_LOAD  
[2020/02/21 16:52:50 700] grm_lex    281  SYS_MSG_REGCB  
[2020/02/21 16:52:50 700] grm_lex    267  SYS_MSG_UNLOAD  
[2020/02/21 16:52:50 700] grm_lex    281  SYS_MSG_REGCB  
[2020/02/21 16:52:50 700] grm_lex    251  ISR_MSG_BUILDGRAMMAR  
[2020/02/21 16:52:50 700] grm_lex    100  grm_type :  bnf  
[2020/02/21 16:52:50 700] grm_lex    106  engine_type  :  local  
[2020/02/21 16:52:50 700] grm_lex    106  asr_res_path  :  msc/res/asr/common.jet  
[2020/02/21 16:52:50 700] grm_lex    106  sample_rate  :  16000  
[2020/02/21 16:52:50 700] grm_lex    106  grm_build_path  :  msc/res/asr/GrmBuilld  
[2020/02/21 16:52:50 700] grm_lex    254  ISR_MSG_BUILDGRAMMAR ret =  0  
[2020/02/21 16:52:50 711] grm_lex    71   23002  nil  
============================================================
Time  2020/02/21 18:07:05 773 
============================================================
[2020/02/21 18:07:05 773] grm_lex    264  SYS_MSG_LOAD  
[2020/02/21 18:07:05 773] grm_lex    281  SYS_MSG_REGCB  
[2020/02/21 18:07:05 775] grm_lex    267  SYS_MSG_UNLOAD  
[2020/02/21 18:07:05 775] grm_lex    281  SYS_MSG_REGCB  
[2020/02/21 18:07:05 775] grm_lex    251  ISR_MSG_BUILDGRAMMAR  
[2020/02/21 18:07:05 775] grm_lex    100  grm_type :  bnf  
[2020/02/21 18:07:05 775] grm_lex    106  engine_type  :  local  
[2020/02/21 18:07:05 775] grm_lex    106  asr_res_path  :  msc/res/asr/common.jet  
[2020/02/21 18:07:05 775] grm_lex    106  sample_rate  :  16000  
[2020/02/21 18:07:05 775] grm_lex    106  grm_build_path  :  msc/res/asr/GrmBuilld  
[2020/02/21 18:07:05 776] grm_lex    254  ISR_MSG_BUILDGRAMMAR ret =  0  
[2020/02/21 18:07:05 785] grm_lex    71   23002  nil  
============================================================
Time  2020/02/21 18:08:32 885 
============================================================
[2020/02/21 18:08:32 885] grm_lex    264  SYS_MSG_LOAD  
[2020/02/21 18:08:32 885] grm_lex    281  SYS_MSG_REGCB  
[2020/02/21 18:08:32 885] grm_lex    267  SYS_MSG_UNLOAD  
[2020/02/21 18:08:32 887] grm_lex    281  SYS_MSG_REGCB  
[2020/02/21 18:08:32 887] grm_lex    251  ISR_MSG_BUILDGRAMMAR  
[2020/02/21 18:08:32 887] grm_lex    100  grm_type :  bnf  
[2020/02/21 18:08:32 887] grm_lex    106  engine_type  :  local  
[2020/02/21 18:08:32 887] grm_lex    106  asr_res_path  :  msc/res/asr/common.jet  
[2020/02/21 18:08:32 887] grm_lex    106  sample_rate  :  16000  
[2020/02/21 18:08:32 887] grm_lex    106  grm_build_path  :  msc/res/asr/GrmBuilld  
[2020/02/21 18:08:32 888] grm_lex    254  ISR_MSG_BUILDGRAMMAR ret =  0  
[2020/02/21 18:08:32 901] grm_lex    71   23002  nil  
============================================================
Time  2020/02/21 18:09:35 487 
============================================================
[2020/02/21 18:09:35 487] grm_lex    264  SYS_MSG_LOAD  
[2020/02/21 18:09:35 487] grm_lex    281  SYS_MSG_REGCB  
[2020/02/21 18:09:35 487] grm_lex    267  SYS_MSG_UNLOAD  
[2020/02/21 18:09:35 487] grm_lex    281  SYS_MSG_REGCB  
[2020/02/21 18:09:35 487] grm_lex    251  ISR_MSG_BUILDGRAMMAR  
[2020/02/21 18:09:35 487] grm_lex    100  grm_type :  bnf  
[2020/02/21 18:09:35 489] grm_lex    106  engine_type  :  local  
[2020/02/21 18:09:35 489] grm_lex    106  asr_res_path  :  msc/res/asr/common.jet  
[2020/02/21 18:09:35 489] grm_lex    106  sample_rate  :  16000  
[2020/02/21 18:09:35 489] grm_lex    106  grm_build_path  :  msc/res/asr/GrmBuilld  
[2020/02/21 18:09:35 489] grm_lex    254  ISR_MSG_BUILDGRAMMAR ret =  0  
[2020/02/21 18:09:35 502] grm_lex    71   23002  nil  
============================================================
Time  2020/02/21 18:10:01 515 
============================================================
[2020/02/21 18:10:01 515] grm_lex    264  SYS_MSG_LOAD  
[2020/02/21 18:10:01 515] grm_lex    281  SYS_MSG_REGCB  
[2020/02/21 18:10:01 515] grm_lex    267  SYS_MSG_UNLOAD  
[2020/02/21 18:10:01 516] grm_lex    281  SYS_MSG_REGCB  
[2020/02/21 18:10:01 516] grm_lex    251  ISR_MSG_BUILDGRAMMAR  
[2020/02/21 18:10:01 516] grm_lex    100  grm_type :  bnf  
[2020/02/21 18:10:01 516] grm_lex    106  engine_type  :  local  
[2020/02/21 18:10:01 516] grm_lex    106  asr_res_path  :  msc/res/asr/common.jet  
[2020/02/21 18:10:01 516] grm_lex    106  sample_rate  :  16000  
[2020/02/21 18:10:01 516] grm_lex    106  grm_build_path  :  msc/res/asr/GrmBuilld  
[2020/02/21 18:10:01 516] grm_lex    254  ISR_MSG_BUILDGRAMMAR ret =  0  
[2020/02/21 18:10:01 532] grm_lex    71   23002  nil  
============================================================
Time  2020/02/21 18:10:47 717 
============================================================
[2020/02/21 18:10:47 717] grm_lex    264  SYS_MSG_LOAD  
[2020/02/21 18:10:47 717] grm_lex    281  SYS_MSG_REGCB  
[2020/02/21 18:10:47 717] grm_lex    267  SYS_MSG_UNLOAD  
[2020/02/21 18:10:47 717] grm_lex    281  SYS_MSG_REGCB  
[2020/02/21 18:10:47 717] grm_lex    251  ISR_MSG_BUILDGRAMMAR  
[2020/02/21 18:10:47 717] grm_lex    100  grm_type :  bnf  
[2020/02/21 18:10:47 719] grm_lex    106  engine_type  :  local  
[2020/02/21 18:10:47 719] grm_lex    106  asr_res_path  :  msc/res/asr/common.jet  
[2020/02/21 18:10:47 719] grm_lex    106  sample_rate  :  16000  
[2020/02/21 18:10:47 719] grm_lex    106  grm_build_path  :  msc/res/asr/GrmBuilld  
[2020/02/21 18:10:47 719] grm_lex    254  ISR_MSG_BUILDGRAMMAR ret =  0  
[2020/02/21 18:10:47 730] grm_lex    71   23002  nil  
============================================================
Time  2020/02/21 18:11:00 750 
============================================================
[2020/02/21 18:11:00 750] grm_lex    264  SYS_MSG_LOAD  
[2020/02/21 18:11:00 750] grm_lex    281  SYS_MSG_REGCB  
[2020/02/21 18:11:00 750] grm_lex    267  SYS_MSG_UNLOAD  
[2020/02/21 18:11:00 750] grm_lex    281  SYS_MSG_REGCB  
[2020/02/21 18:11:00 750] grm_lex    251  ISR_MSG_BUILDGRAMMAR  
[2020/02/21 18:11:00 750] grm_lex    100  grm_type :  bnf  
[2020/02/21 18:11:00 750] grm_lex    106  engine_type  :  local  
[2020/02/21 18:11:00 750] grm_lex    106  asr_res_path  :  msc/res/asr/common.jet  
[2020/02/21 18:11:00 750] grm_lex    106  sample_rate  :  16000  
[2020/02/21 18:11:00 750] grm_lex    106  grm_build_path  :  msc/res/asr/GrmBuilld  
[2020/02/21 18:11:00 752] grm_lex    254  ISR_MSG_BUILDGRAMMAR ret =  0  
[2020/02/21 18:11:00 763] grm_lex    71   23002  nil  
============================================================
Time  2020/02/21 18:12:14 270 
============================================================
[2020/02/21 18:12:14 270] grm_lex    264  SYS_MSG_LOAD  
[2020/02/21 18:12:14 270] grm_lex    281  SYS_MSG_REGCB  
[2020/02/21 18:12:14 270] grm_lex    267  SYS_MSG_UNLOAD  
[2020/02/21 18:12:14 270] grm_lex    281  SYS_MSG_REGCB  
[2020/02/21 18:12:14 270] grm_lex    251  ISR_MSG_BUILDGRAMMAR  
[2020/02/21 18:12:14 270] grm_lex    100  grm_type :  bnf  
[2020/02/21 18:12:14 270] grm_lex    106  engine_type  :  local  
[2020/02/21 18:12:14 270] grm_lex    106  asr_res_path  :  msc/res/asr/common.jet  
[2020/02/21 18:12:14 270] grm_lex    106  sample_rate  :  16000  
[2020/02/21 18:12:14 270] grm_lex    106  grm_build_path  :  msc/res/asr/GrmBuilld  
[2020/02/21 18:12:14 272] grm_lex    254  ISR_MSG_BUILDGRAMMAR ret =  0  
[2020/02/21 18:12:14 285] grm_lex    71   23002  nil  
============================================================
Time  2020/02/21 18:12:58 499 
============================================================
[2020/02/21 18:12:58 499] grm_lex    264  SYS_MSG_LOAD  
[2020/02/21 18:12:58 499] grm_lex    281  SYS_MSG_REGCB  
[2020/02/21 18:12:58 499] grm_lex    267  SYS_MSG_UNLOAD  
[2020/02/21 18:12:58 499] grm_lex    281  SYS_MSG_REGCB  
[2020/02/21 18:12:58 499] grm_lex    251  ISR_MSG_BUILDGRAMMAR  
[2020/02/21 18:12:58 499] grm_lex    100  grm_type :  bnf  
[2020/02/21 18:12:58 499] grm_lex    106  engine_type  :  local  
[2020/02/21 18:12:58 499] grm_lex    106  asr_res_path  :  msc/res/asr/common.jet  
[2020/02/21 18:12:58 499] grm_lex    106  sample_rate  :  16000  
[2020/02/21 18:12:58 499] grm_lex    106  grm_build_path  :  msc/res/asr/GrmBuilld  
[2020/02/21 18:12:58 500] grm_lex    254  ISR_MSG_BUILDGRAMMAR ret =  0  
[2020/02/21 18:12:58 618] grm_lex    71   23002  nil  
============================================================
Time  2020/02/21 18:15:00 094 
============================================================
[2020/02/21 18:15:00 094] grm_lex    264  SYS_MSG_LOAD  
[2020/02/21 18:15:00 094] grm_lex    281  SYS_MSG_REGCB  
[2020/02/21 18:15:00 094] grm_lex    267  SYS_MSG_UNLOAD  
[2020/02/21 18:15:00 095] grm_lex    281  SYS_MSG_REGCB  
[2020/02/21 18:15:00 095] grm_lex    251  ISR_MSG_BUILDGRAMMAR  
[2020/02/21 18:15:00 095] grm_lex    100  grm_type :  bnf  
[2020/02/21 18:15:00 095] grm_lex    106  engine_type  :  local  
[2020/02/21 18:15:00 095] grm_lex    106  asr_res_path  :  msc/res/asr/common.jet  
[2020/02/21 18:15:00 095] grm_lex    106  sample_rate  :  16000  
[2020/02/21 18:15:00 095] grm_lex    106  grm_build_path  :  msc/res/asr/GrmBuilld  
[2020/02/21 18:15:00 095] grm_lex    254  ISR_MSG_BUILDGRAMMAR ret =  0  
[2020/02/21 18:15:00 111] grm_lex    71   23002  nil  
============================================================
Time  2020/02/21 18:15:34 022 
============================================================
[2020/02/21 18:15:34 023] grm_lex    264  SYS_MSG_LOAD  
[2020/02/21 18:15:34 023] grm_lex    281  SYS_MSG_REGCB  
[2020/02/21 18:15:34 023] grm_lex    267  SYS_MSG_UNLOAD  
[2020/02/21 18:15:34 023] grm_lex    281  SYS_MSG_REGCB  
[2020/02/21 18:15:34 023] grm_lex    251  ISR_MSG_BUILDGRAMMAR  
[2020/02/21 18:15:34 023] grm_lex    100  grm_type :  bnf  
[2020/02/21 18:15:34 023] grm_lex    106  engine_type  :  local  
[2020/02/21 18:15:34 023] grm_lex    106  asr_res_path  :  msc/res/asr/common.jet  
[2020/02/21 18:15:34 023] grm_lex    106  sample_rate  :  16000  
[2020/02/21 18:15:34 023] grm_lex    106  grm_build_path  :  msc/res/asr/GrmBuilld  
[2020/02/21 18:15:34 023] grm_lex    254  ISR_MSG_BUILDGRAMMAR ret =  0  
[2020/02/21 18:15:34 035] grm_lex    71   23002  nil  
============================================================
Time  2020/02/21 18:16:43 286 
============================================================
[2020/02/21 18:16:43 286] grm_lex    264  SYS_MSG_LOAD  
[2020/02/21 18:16:43 288] grm_lex    281  SYS_MSG_REGCB  
[2020/02/21 18:16:43 288] grm_lex    267  SYS_MSG_UNLOAD  
[2020/02/21 18:16:43 288] grm_lex    281  SYS_MSG_REGCB  
[2020/02/21 18:16:43 288] grm_lex    251  ISR_MSG_BUILDGRAMMAR  
[2020/02/21 18:16:43 288] grm_lex    100  grm_type :  bnf  
[2020/02/21 18:16:43 288] grm_lex    106  engine_type  :  local  
[2020/02/21 18:16:43 288] grm_lex    106  asr_res_path  :  msc/res/asr/common.jet  
[2020/02/21 18:16:43 288] grm_lex    106  sample_rate  :  16000  
[2020/02/21 18:16:43 288] grm_lex    106  grm_build_path  :  msc/res/asr/GrmBuilld  
[2020/02/21 18:16:43 289] grm_lex    254  ISR_MSG_BUILDGRAMMAR ret =  0  
[2020/02/21 18:16:43 296] grm_lex    71   23002  nil  
============================================================
Time  2020/02/21 18:18:21 598 
============================================================
[2020/02/21 18:18:21 598] grm_lex    264  SYS_MSG_LOAD  
[2020/02/21 18:18:21 598] grm_lex    281  SYS_MSG_REGCB  
[2020/02/21 18:18:21 598] grm_lex    267  SYS_MSG_UNLOAD  
[2020/02/21 18:18:21 598] grm_lex    281  SYS_MSG_REGCB  
[2020/02/21 18:18:21 598] grm_lex    251  ISR_MSG_BUILDGRAMMAR  
[2020/02/21 18:18:21 598] grm_lex    100  grm_type :  bnf  
[2020/02/21 18:18:21 598] grm_lex    106  engine_type  :  local  
[2020/02/21 18:18:21 598] grm_lex    106  asr_res_path  :  msc/res/asr/common.jet  
[2020/02/21 18:18:21 598] grm_lex    106  sample_rate  :  16000  
[2020/02/21 18:18:21 598] grm_lex    106  grm_build_path  :  msc/res/asr/GrmBuilld  
[2020/02/21 18:18:21 598] grm_lex    254  ISR_MSG_BUILDGRAMMAR ret =  0  
[2020/02/21 18:18:21 608] grm_lex    71   23002  nil  
============================================================
Time  2020/02/24 09:45:22 898 
============================================================
[2020/02/24 09:45:22 898] grm_lex    264  SYS_MSG_LOAD  
[2020/02/24 09:45:22 898] grm_lex    281  SYS_MSG_REGCB  
[2020/02/24 09:45:22 898] grm_lex    267  SYS_MSG_UNLOAD  
[2020/02/24 09:45:22 898] grm_lex    281  SYS_MSG_REGCB  
[2020/02/24 09:45:22 898] grm_lex    251  ISR_MSG_BUILDGRAMMAR  
[2020/02/24 09:45:22 898] grm_lex    100  grm_type :  bnf  
[2020/02/24 09:45:22 898] grm_lex    106  engine_type  :  local  
[2020/02/24 09:45:22 898] grm_lex    106  asr_res_path  :  msc/res/asr/common.jet  
[2020/02/24 09:45:22 898] grm_lex    106  sample_rate  :  16000  
[2020/02/24 09:45:22 898] grm_lex    106  grm_build_path  :  msc/res/asr/GrmBuilld  
[2020/02/24 09:45:22 900] grm_lex    254  ISR_MSG_BUILDGRAMMAR ret =  0  
[2020/02/24 09:45:22 910] grm_lex    71   23002  nil  
============================================================
Time  2020/02/24 09:45:58 540 
============================================================
[2020/02/24 09:45:58 540] grm_lex    264  SYS_MSG_LOAD  
[2020/02/24 09:45:58 542] grm_lex    281  SYS_MSG_REGCB  
[2020/02/24 09:45:58 542] grm_lex    267  SYS_MSG_UNLOAD  
[2020/02/24 09:45:58 542] grm_lex    281  SYS_MSG_REGCB  
[2020/02/24 09:45:58 542] grm_lex    251  ISR_MSG_BUILDGRAMMAR  
[2020/02/24 09:45:58 542] grm_lex    100  grm_type :  bnf  
[2020/02/24 09:45:58 542] grm_lex    106  engine_type  :  local  
[2020/02/24 09:45:58 542] grm_lex    106  asr_res_path  :  msc/res/asr/common.jet  
[2020/02/24 09:45:58 542] grm_lex    106  sample_rate  :  16000  
[2020/02/24 09:45:58 542] grm_lex    106  grm_build_path  :  msc/res/asr/GrmBuilld  
[2020/02/24 09:45:58 542] grm_lex    254  ISR_MSG_BUILDGRAMMAR ret =  0  
[2020/02/24 09:45:58 575] grm_lex    71   23002  nil  
============================================================
Time  2020/02/24 09:46:17 676 
============================================================
[2020/02/24 09:46:17 676] grm_lex    264  SYS_MSG_LOAD  
[2020/02/24 09:46:17 676] grm_lex    281  SYS_MSG_REGCB  
[2020/02/24 09:46:17 676] grm_lex    267  SYS_MSG_UNLOAD  
[2020/02/24 09:46:17 676] grm_lex    281  SYS_MSG_REGCB  
[2020/02/24 09:46:17 677] grm_lex    251  ISR_MSG_BUILDGRAMMAR  
[2020/02/24 09:46:17 677] grm_lex    100  grm_type :  bnf  
[2020/02/24 09:46:17 677] grm_lex    106  engine_type  :  local  
[2020/02/24 09:46:17 677] grm_lex    106  asr_res_path  :  msc/res/asr/common.jet  
[2020/02/24 09:46:17 677] grm_lex    106  sample_rate  :  16000  
[2020/02/24 09:46:17 677] grm_lex    106  grm_build_path  :  msc/res/asr/GrmBuilld  
[2020/02/24 09:46:17 677] grm_lex    254  ISR_MSG_BUILDGRAMMAR ret =  0  
[2020/02/24 09:46:17 687] grm_lex    71   23002  nil  
