============================================================
Time  2020/02/21 16:12:38 013 
============================================================
[2020/02/21 16:12:38 013] lgi        684  SYS_MSG_LOAD  
[2020/02/21 16:12:38 013] lgi        706  SYS_MSG_REGCB  msp_status_cb  func(3767ff20) 
[2020/02/21 16:12:38 013] lgi        298  LGI_MSG_INIT  
[2020/02/21 16:12:38 013] lgi        305  lgi  lgi_  268436457  1552357598  
[2020/02/21 16:12:38 019] lgi        403  token:  nil  
[2020/02/21 16:12:38 019] lgi        476  msc cver : 5.0.42.1226  
[2020/02/21 16:12:38 019] lgi        519  ns_enable=  1  
[2020/02/21 16:12:38 019] lgi        531  prot_ver=1  
[2020/02/21 16:12:38 019] lgi        542  prot_type=tcp  
[2020/02/21 16:12:38 019] lgi        693  SYS_MSG_UNLOAD  go bg!  
============================================================
Time  2020/02/21 16:12:52 875 
============================================================
[2020/02/21 16:12:52 875] lgi        684  SYS_MSG_LOAD  
[2020/02/21 16:12:52 875] lgi        706  SYS_MSG_REGCB  msp_status_cb  func(f18df430) 
[2020/02/21 16:12:52 875] lgi        298  LGI_MSG_INIT  
[2020/02/21 16:12:52 875] lgi        305  lgi  lgi_  268436457  1552357598  
[2020/02/21 16:12:52 875] lgi        403  token:  nil  
[2020/02/21 16:12:52 875] lgi        476  msc cver : 5.0.42.1226  
[2020/02/21 16:12:52 877] lgi        519  ns_enable=  1  
[2020/02/21 16:12:52 877] lgi        531  prot_ver=1  
[2020/02/21 16:12:52 877] lgi        542  prot_type=tcp  
[2020/02/21 16:12:52 877] lgi        693  SYS_MSG_UNLOAD  go bg!  
============================================================
Time  2020/02/21 16:13:35 026 
============================================================
[2020/02/21 16:13:35 026] lgi        684  SYS_MSG_LOAD  
[2020/02/21 16:13:35 026] lgi        706  SYS_MSG_REGCB  msp_status_cb  func(d7cef430) 
[2020/02/21 16:13:35 026] lgi        298  LGI_MSG_INIT  
[2020/02/21 16:13:35 028] lgi        305  lgi  lgi_  268436457  1552357598  
[2020/02/21 16:13:35 028] lgi        403  token:  nil  
[2020/02/21 16:13:35 028] lgi        476  msc cver : 5.0.42.1226  
[2020/02/21 16:13:35 028] lgi        519  ns_enable=  1  
[2020/02/21 16:13:35 028] lgi        531  prot_ver=1  
[2020/02/21 16:13:35 028] lgi        542  prot_type=tcp  
[2020/02/21 16:13:35 028] lgi        693  SYS_MSG_UNLOAD  go bg!  
============================================================
Time  2020/02/21 16:13:51 783 
============================================================
[2020/02/21 16:13:51 783] lgi        684  SYS_MSG_LOAD  
[2020/02/21 16:13:51 783] lgi        706  SYS_MSG_REGCB  msp_status_cb  func(2ff3f510) 
[2020/02/21 16:13:51 783] lgi        298  LGI_MSG_INIT  
[2020/02/21 16:13:51 783] lgi        305  lgi  lgi_  268436457  1552357598  
[2020/02/21 16:13:51 785] lgi        403  token:  nil  
[2020/02/21 16:13:51 785] lgi        476  msc cver : 5.0.42.1226  
[2020/02/21 16:13:51 785] lgi        519  ns_enable=  1  
[2020/02/21 16:13:51 785] lgi        531  prot_ver=1  
[2020/02/21 16:13:51 785] lgi        542  prot_type=tcp  
[2020/02/21 16:13:51 785] lgi        693  SYS_MSG_UNLOAD  go bg!  
============================================================
Time  2020/02/21 16:15:38 591 
============================================================
[2020/02/21 16:15:38 591] lgi        684  SYS_MSG_LOAD  
[2020/02/21 16:15:38 592] lgi        706  SYS_MSG_REGCB  msp_status_cb  func(4fa9f9e0) 
[2020/02/21 16:15:38 592] lgi        298  LGI_MSG_INIT  
[2020/02/21 16:15:38 592] lgi        305  lgi  lgi_  268436457  1552357598  
[2020/02/21 16:15:38 592] lgi        403  token:  nil  
[2020/02/21 16:15:38 592] lgi        476  msc cver : 5.0.42.1226  
[2020/02/21 16:15:38 592] lgi        519  ns_enable=  1  
[2020/02/21 16:15:38 592] lgi        531  prot_ver=1  
[2020/02/21 16:15:38 592] lgi        542  prot_type=tcp  
[2020/02/21 16:15:38 592] lgi        693  SYS_MSG_UNLOAD  go bg!  
============================================================
Time  2020/02/21 16:15:52 996 
============================================================
[2020/02/21 16:15:52 996] lgi        684  SYS_MSG_LOAD  
[2020/02/21 16:15:52 996] lgi        706  SYS_MSG_REGCB  msp_status_cb  func(7b430150) 
[2020/02/21 16:15:52 996] lgi        298  LGI_MSG_INIT  
[2020/02/21 16:15:52 996] lgi        305  lgi  lgi_  268436457  1552357598  
[2020/02/21 16:15:52 996] lgi        403  token:  nil  
[2020/02/21 16:15:52 996] lgi        476  msc cver : 5.0.42.1226  
[2020/02/21 16:15:52 996] lgi        519  ns_enable=  1  
[2020/02/21 16:15:52 996] lgi        531  prot_ver=1  
[2020/02/21 16:15:52 996] lgi        542  prot_type=tcp  
[2020/02/21 16:15:52 997] lgi        693  SYS_MSG_UNLOAD  go bg!  
============================================================
Time  2020/02/21 16:16:29 144 
============================================================
[2020/02/21 16:16:29 144] lgi        684  SYS_MSG_LOAD  
[2020/02/21 16:16:29 145] lgi        706  SYS_MSG_REGCB  msp_status_cb  func(d5e2f5f0) 
[2020/02/21 16:16:29 145] lgi        298  LGI_MSG_INIT  
[2020/02/21 16:16:29 145] lgi        305  lgi  lgi_  268436457  1552357598  
[2020/02/21 16:16:29 145] lgi        403  token:  nil  
[2020/02/21 16:16:29 145] lgi        476  msc cver : 5.0.42.1226  
[2020/02/21 16:16:29 145] lgi        519  ns_enable=  1  
[2020/02/21 16:16:29 145] lgi        531  prot_ver=1  
[2020/02/21 16:16:29 145] lgi        542  prot_type=tcp  
[2020/02/21 16:16:29 145] lgi        693  SYS_MSG_UNLOAD  go bg!  
============================================================
Time  2020/02/21 16:19:56 848 
============================================================
[2020/02/21 16:19:56 849] lgi        684  SYS_MSG_LOAD  
[2020/02/21 16:19:56 849] lgi        706  SYS_MSG_REGCB  msp_status_cb  func(7868f4a0) 
[2020/02/21 16:19:56 849] lgi        298  LGI_MSG_INIT  
[2020/02/21 16:19:56 849] lgi        305  lgi  lgi_  268436457  1552357598  
[2020/02/21 16:19:56 849] lgi        403  token:  nil  
[2020/02/21 16:19:56 849] lgi        476  msc cver : 5.0.42.1226  
[2020/02/21 16:19:56 849] lgi        519  ns_enable=  1  
[2020/02/21 16:19:56 851] lgi        531  prot_ver=1  
[2020/02/21 16:19:56 851] lgi        542  prot_type=tcp  
[2020/02/21 16:19:56 851] lgi        693  SYS_MSG_UNLOAD  go bg!  
============================================================
Time  2020/02/21 16:20:03 438 
============================================================
[2020/02/21 16:20:03 438] lgi        684  SYS_MSG_LOAD  
[2020/02/21 16:20:03 438] lgi        706  SYS_MSG_REGCB  msp_status_cb  func(70710520) 
[2020/02/21 16:20:03 440] lgi        298  LGI_MSG_INIT  
[2020/02/21 16:20:03 440] lgi        305  lgi  lgi_  268436457  1552357598  
[2020/02/21 16:20:03 440] lgi        403  token:  nil  
[2020/02/21 16:20:03 440] lgi        476  msc cver : 5.0.42.1226  
[2020/02/21 16:20:03 440] lgi        519  ns_enable=  1  
[2020/02/21 16:20:03 440] lgi        531  prot_ver=1  
[2020/02/21 16:20:03 440] lgi        542  prot_type=tcp  
[2020/02/21 16:20:03 440] lgi        693  SYS_MSG_UNLOAD  go bg!  
============================================================
Time  2020/02/21 16:20:17 114 
============================================================
[2020/02/21 16:20:17 114] lgi        684  SYS_MSG_LOAD  
[2020/02/21 16:20:17 115] lgi        706  SYS_MSG_REGCB  msp_status_cb  func(bfca0e50) 
[2020/02/21 16:20:17 115] lgi        298  LGI_MSG_INIT  
[2020/02/21 16:20:17 115] lgi        305  lgi  lgi_  268436457  1552357598  
[2020/02/21 16:20:17 115] lgi        403  token:  nil  
[2020/02/21 16:20:17 115] lgi        476  msc cver : 5.0.42.1226  
[2020/02/21 16:20:17 115] lgi        519  ns_enable=  1  
[2020/02/21 16:20:17 115] lgi        531  prot_ver=1  
[2020/02/21 16:20:17 115] lgi        542  prot_type=tcp  
[2020/02/21 16:20:17 115] lgi        693  SYS_MSG_UNLOAD  go bg!  
============================================================
Time  2020/02/21 16:21:29 348 
============================================================
[2020/02/21 16:21:29 348] lgi        684  SYS_MSG_LOAD  
[2020/02/21 16:21:29 348] lgi        706  SYS_MSG_REGCB  msp_status_cb  func(d7fafcf0) 
[2020/02/21 16:21:29 348] lgi        298  LGI_MSG_INIT  
[2020/02/21 16:21:29 348] lgi        305  lgi  lgi_  268436457  1552357598  
[2020/02/21 16:21:29 348] lgi        403  token:  nil  
[2020/02/21 16:21:29 348] lgi        476  msc cver : 5.0.42.1226  
[2020/02/21 16:21:29 348] lgi        519  ns_enable=  1  
[2020/02/21 16:21:29 348] lgi        531  prot_ver=1  
[2020/02/21 16:21:29 348] lgi        542  prot_type=tcp  
[2020/02/21 16:21:29 348] lgi        693  SYS_MSG_UNLOAD  go bg!  
============================================================
Time  2020/02/21 16:26:00 463 
============================================================
[2020/02/21 16:26:00 463] lgi        684  SYS_MSG_LOAD  
[2020/02/21 16:26:00 466] lgi        706  SYS_MSG_REGCB  msp_status_cb  func(faab04a0) 
[2020/02/21 16:26:00 466] lgi        298  LGI_MSG_INIT  
[2020/02/21 16:26:00 466] lgi        305  lgi  lgi_  268436457  1552357598  
[2020/02/21 16:26:00 467] lgi        403  token:  nil  
[2020/02/21 16:26:00 467] lgi        476  msc cver : 5.0.42.1226  
[2020/02/21 16:26:00 467] lgi        519  ns_enable=  1  
[2020/02/21 16:26:00 467] lgi        531  prot_ver=1  
[2020/02/21 16:26:00 467] lgi        542  prot_type=tcp  
[2020/02/21 16:26:00 467] lgi        693  SYS_MSG_UNLOAD  go bg!  
============================================================
Time  2020/02/21 16:31:23 746 
============================================================
[2020/02/21 16:31:23 746] lgi        684  SYS_MSG_LOAD  
[2020/02/21 16:31:23 747] lgi        706  SYS_MSG_REGCB  msp_status_cb  func(9ba8fc80) 
[2020/02/21 16:31:23 747] lgi        298  LGI_MSG_INIT  
[2020/02/21 16:31:23 747] lgi        305  lgi  lgi_  268436457  1552357598  
[2020/02/21 16:31:23 747] lgi        403  token:  nil  
[2020/02/21 16:31:23 747] lgi        476  msc cver : 5.0.42.1226  
[2020/02/21 16:31:23 747] lgi        519  ns_enable=  1  
[2020/02/21 16:31:23 747] lgi        531  prot_ver=1  
[2020/02/21 16:31:23 749] lgi        542  prot_type=tcp  
[2020/02/21 16:31:23 749] lgi        693  SYS_MSG_UNLOAD  go bg!  
============================================================
Time  2020/02/21 16:49:55 819 
============================================================
[2020/02/21 16:49:55 819] lgi        684  SYS_MSG_LOAD  
[2020/02/21 16:49:55 821] lgi        706  SYS_MSG_REGCB  msp_status_cb  func(e61e00e0) 
[2020/02/21 16:49:55 821] lgi        298  LGI_MSG_INIT  
[2020/02/21 16:49:55 821] lgi        305  lgi  lgi_  268436457  1552357598  
[2020/02/21 16:49:55 821] lgi        403  token:  nil  
[2020/02/21 16:49:55 821] lgi        476  msc cver : 5.0.42.1226  
[2020/02/21 16:49:55 821] lgi        519  ns_enable=  1  
[2020/02/21 16:49:55 821] lgi        531  prot_ver=1  
[2020/02/21 16:49:55 821] lgi        542  prot_type=tcp  
[2020/02/21 16:49:55 821] lgi        693  SYS_MSG_UNLOAD  go bg!  
============================================================
Time  2020/02/21 16:51:42 970 
============================================================
[2020/02/21 16:51:42 971] lgi        684  SYS_MSG_LOAD  
[2020/02/21 16:51:42 971] lgi        706  SYS_MSG_REGCB  msp_status_cb  func(2df1feb0) 
[2020/02/21 16:51:42 971] lgi        298  LGI_MSG_INIT  
[2020/02/21 16:51:42 971] lgi        305  lgi  lgi_  268436457  1552357598  
[2020/02/21 16:51:42 971] lgi        403  token:  nil  
[2020/02/21 16:51:42 973] lgi        476  msc cver : 5.0.42.1226  
[2020/02/21 16:51:42 973] lgi        519  ns_enable=  1  
[2020/02/21 16:51:42 973] lgi        531  prot_ver=1  
[2020/02/21 16:51:42 973] lgi        542  prot_type=tcp  
[2020/02/21 16:51:42 973] lgi        693  SYS_MSG_UNLOAD  go bg!  
============================================================
Time  2020/02/21 16:52:50 696 
============================================================
[2020/02/21 16:52:50 696] lgi        684  SYS_MSG_LOAD  
[2020/02/21 16:52:50 696] lgi        706  SYS_MSG_REGCB  msp_status_cb  func(7425feb0) 
[2020/02/21 16:52:50 696] lgi        298  LGI_MSG_INIT  
[2020/02/21 16:52:50 696] lgi        305  lgi  lgi_  268436457  1552357598  
[2020/02/21 16:52:50 696] lgi        403  token:  nil  
[2020/02/21 16:52:50 696] lgi        476  msc cver : 5.0.42.1226  
[2020/02/21 16:52:50 697] lgi        519  ns_enable=  1  
[2020/02/21 16:52:50 697] lgi        531  prot_ver=1  
[2020/02/21 16:52:50 697] lgi        542  prot_type=tcp  
[2020/02/21 16:52:50 697] lgi        693  SYS_MSG_UNLOAD  go bg!  
============================================================
Time  2020/02/21 18:07:05 772 
============================================================
[2020/02/21 18:07:05 772] lgi        684  SYS_MSG_LOAD  
[2020/02/21 18:07:05 772] lgi        706  SYS_MSG_REGCB  msp_status_cb  func(e29cfc40) 
[2020/02/21 18:07:05 772] lgi        298  LGI_MSG_INIT  
[2020/02/21 18:07:05 772] lgi        305  lgi  lgi_  268436457  1552357598  
[2020/02/21 18:07:05 772] lgi        403  token:  nil  
[2020/02/21 18:07:05 772] lgi        476  msc cver : 5.0.42.1226  
[2020/02/21 18:07:05 773] lgi        519  ns_enable=  1  
[2020/02/21 18:07:05 773] lgi        531  prot_ver=1  
[2020/02/21 18:07:05 773] lgi        542  prot_type=tcp  
[2020/02/21 18:07:05 773] lgi        693  SYS_MSG_UNLOAD  go bg!  
============================================================
Time  2020/02/21 18:08:32 881 
============================================================
[2020/02/21 18:08:32 881] lgi        684  SYS_MSG_LOAD  
[2020/02/21 18:08:32 881] lgi        706  SYS_MSG_REGCB  msp_status_cb  func(5ba30780) 
[2020/02/21 18:08:32 881] lgi        298  LGI_MSG_INIT  
[2020/02/21 18:08:32 882] lgi        305  lgi  lgi_  268436457  1552357598  
[2020/02/21 18:08:32 882] lgi        403  token:  nil  
[2020/02/21 18:08:32 882] lgi        476  msc cver : 5.0.42.1226  
[2020/02/21 18:08:32 882] lgi        519  ns_enable=  1  
[2020/02/21 18:08:32 882] lgi        531  prot_ver=1  
[2020/02/21 18:08:32 882] lgi        542  prot_type=tcp  
[2020/02/21 18:08:32 882] lgi        693  SYS_MSG_UNLOAD  go bg!  
============================================================
Time  2020/02/21 18:09:35 483 
============================================================
[2020/02/21 18:09:35 483] lgi        684  SYS_MSG_LOAD  
[2020/02/21 18:09:35 484] lgi        706  SYS_MSG_REGCB  msp_status_cb  func(e7db0030) 
[2020/02/21 18:09:35 484] lgi        298  LGI_MSG_INIT  
[2020/02/21 18:09:35 484] lgi        305  lgi  lgi_  268436457  1552357598  
[2020/02/21 18:09:35 484] lgi        403  token:  nil  
[2020/02/21 18:09:35 484] lgi        476  msc cver : 5.0.42.1226  
[2020/02/21 18:09:35 484] lgi        519  ns_enable=  1  
[2020/02/21 18:09:35 484] lgi        531  prot_ver=1  
[2020/02/21 18:09:35 484] lgi        542  prot_type=tcp  
[2020/02/21 18:09:35 486] lgi        693  SYS_MSG_UNLOAD  go bg!  
============================================================
Time  2020/02/21 18:10:01 509 
============================================================
[2020/02/21 18:10:01 509] lgi        684  SYS_MSG_LOAD  
[2020/02/21 18:10:01 509] lgi        706  SYS_MSG_REGCB  msp_status_cb  func(e70aff20) 
[2020/02/21 18:10:01 510] lgi        298  LGI_MSG_INIT  
[2020/02/21 18:10:01 510] lgi        305  lgi  lgi_  268436457  1552357598  
[2020/02/21 18:10:01 510] lgi        403  token:  nil  
[2020/02/21 18:10:01 510] lgi        476  msc cver : 5.0.42.1226  
[2020/02/21 18:10:01 510] lgi        519  ns_enable=  1  
[2020/02/21 18:10:01 510] lgi        531  prot_ver=1  
[2020/02/21 18:10:01 510] lgi        542  prot_type=tcp  
[2020/02/21 18:10:01 510] lgi        693  SYS_MSG_UNLOAD  go bg!  
============================================================
Time  2020/02/21 18:10:47 713 
============================================================
[2020/02/21 18:10:47 713] lgi        684  SYS_MSG_LOAD  
[2020/02/21 18:10:47 713] lgi        706  SYS_MSG_REGCB  msp_status_cb  func(f501f660) 
[2020/02/21 18:10:47 713] lgi        298  LGI_MSG_INIT  
[2020/02/21 18:10:47 713] lgi        305  lgi  lgi_  268436457  1552357598  
[2020/02/21 18:10:47 713] lgi        403  token:  nil  
[2020/02/21 18:10:47 714] lgi        476  msc cver : 5.0.42.1226  
[2020/02/21 18:10:47 714] lgi        519  ns_enable=  1  
[2020/02/21 18:10:47 714] lgi        531  prot_ver=1  
[2020/02/21 18:10:47 714] lgi        542  prot_type=tcp  
[2020/02/21 18:10:47 714] lgi        693  SYS_MSG_UNLOAD  go bg!  
============================================================
Time  2020/02/21 18:11:00 746 
============================================================
[2020/02/21 18:11:00 746] lgi        684  SYS_MSG_LOAD  
[2020/02/21 18:11:00 747] lgi        706  SYS_MSG_REGCB  msp_status_cb  func(761bfee0) 
[2020/02/21 18:11:00 747] lgi        298  LGI_MSG_INIT  
[2020/02/21 18:11:00 747] lgi        305  lgi  lgi_  268436457  1552357598  
[2020/02/21 18:11:00 747] lgi        403  token:  nil  
[2020/02/21 18:11:00 747] lgi        476  msc cver : 5.0.42.1226  
[2020/02/21 18:11:00 747] lgi        519  ns_enable=  1  
[2020/02/21 18:11:00 747] lgi        531  prot_ver=1  
[2020/02/21 18:11:00 747] lgi        542  prot_type=tcp  
[2020/02/21 18:11:00 747] lgi        693  SYS_MSG_UNLOAD  go bg!  
============================================================
Time  2020/02/21 18:12:14 266 
============================================================
[2020/02/21 18:12:14 266] lgi        684  SYS_MSG_LOAD  
[2020/02/21 18:12:14 266] lgi        706  SYS_MSG_REGCB  msp_status_cb  func(36a2fcb0) 
[2020/02/21 18:12:14 266] lgi        298  LGI_MSG_INIT  
[2020/02/21 18:12:14 266] lgi        305  lgi  lgi_  268436457  1552357598  
[2020/02/21 18:12:14 266] lgi        403  token:  nil  
[2020/02/21 18:12:14 266] lgi        476  msc cver : 5.0.42.1226  
[2020/02/21 18:12:14 266] lgi        519  ns_enable=  1  
[2020/02/21 18:12:14 266] lgi        531  prot_ver=1  
[2020/02/21 18:12:14 266] lgi        542  prot_type=tcp  
[2020/02/21 18:12:14 267] lgi        693  SYS_MSG_UNLOAD  go bg!  
============================================================
Time  2020/02/21 18:12:58 494 
============================================================
[2020/02/21 18:12:58 494] lgi        684  SYS_MSG_LOAD  
[2020/02/21 18:12:58 496] lgi        706  SYS_MSG_REGCB  msp_status_cb  func(48fcf820) 
[2020/02/21 18:12:58 496] lgi        298  LGI_MSG_INIT  
[2020/02/21 18:12:58 496] lgi        305  lgi  lgi_  268436457  1552357598  
[2020/02/21 18:12:58 496] lgi        403  token:  nil  
[2020/02/21 18:12:58 496] lgi        476  msc cver : 5.0.42.1226  
[2020/02/21 18:12:58 496] lgi        519  ns_enable=  1  
[2020/02/21 18:12:58 496] lgi        531  prot_ver=1  
[2020/02/21 18:12:58 496] lgi        542  prot_type=tcp  
[2020/02/21 18:12:58 496] lgi        693  SYS_MSG_UNLOAD  go bg!  
============================================================
Time  2020/02/21 18:15:00 088 
============================================================
[2020/02/21 18:15:00 088] lgi        684  SYS_MSG_LOAD  
[2020/02/21 18:15:00 088] lgi        706  SYS_MSG_REGCB  msp_status_cb  func(774ef3c0) 
[2020/02/21 18:15:00 088] lgi        298  LGI_MSG_INIT  
[2020/02/21 18:15:00 089] lgi        305  lgi  lgi_  268436457  1552357598  
[2020/02/21 18:15:00 089] lgi        403  token:  nil  
[2020/02/21 18:15:00 089] lgi        476  msc cver : 5.0.42.1226  
[2020/02/21 18:15:00 089] lgi        519  ns_enable=  1  
[2020/02/21 18:15:00 089] lgi        531  prot_ver=1  
[2020/02/21 18:15:00 089] lgi        542  prot_type=tcp  
[2020/02/21 18:15:00 089] lgi        693  SYS_MSG_UNLOAD  go bg!  
============================================================
Time  2020/02/21 18:15:34 019 
============================================================
[2020/02/21 18:15:34 019] lgi        684  SYS_MSG_LOAD  
[2020/02/21 18:15:34 019] lgi        706  SYS_MSG_REGCB  msp_status_cb  func(4fb3ff20) 
[2020/02/21 18:15:34 019] lgi        298  LGI_MSG_INIT  
[2020/02/21 18:15:34 019] lgi        305  lgi  lgi_  268436457  1552357598  
[2020/02/21 18:15:34 019] lgi        403  token:  nil  
[2020/02/21 18:15:34 019] lgi        476  msc cver : 5.0.42.1226  
[2020/02/21 18:15:34 019] lgi        519  ns_enable=  1  
[2020/02/21 18:15:34 019] lgi        531  prot_ver=1  
[2020/02/21 18:15:34 019] lgi        542  prot_type=tcp  
[2020/02/21 18:15:34 019] lgi        693  SYS_MSG_UNLOAD  go bg!  
============================================================
Time  2020/02/21 18:16:43 282 
============================================================
[2020/02/21 18:16:43 283] lgi        684  SYS_MSG_LOAD  
[2020/02/21 18:16:43 283] lgi        706  SYS_MSG_REGCB  msp_status_cb  func(defef580) 
[2020/02/21 18:16:43 283] lgi        298  LGI_MSG_INIT  
[2020/02/21 18:16:43 283] lgi        305  lgi  lgi_  268436457  1552357598  
[2020/02/21 18:16:43 283] lgi        403  token:  nil  
[2020/02/21 18:16:43 283] lgi        476  msc cver : 5.0.42.1226  
[2020/02/21 18:16:43 285] lgi        519  ns_enable=  1  
[2020/02/21 18:16:43 285] lgi        531  prot_ver=1  
[2020/02/21 18:16:43 285] lgi        542  prot_type=tcp  
[2020/02/21 18:16:43 285] lgi        693  SYS_MSG_UNLOAD  go bg!  
============================================================
Time  2020/02/21 18:18:21 594 
============================================================
[2020/02/21 18:18:21 594] lgi        684  SYS_MSG_LOAD  
[2020/02/21 18:18:21 595] lgi        706  SYS_MSG_REGCB  msp_status_cb  func(3b99ff30) 
[2020/02/21 18:18:21 595] lgi        298  LGI_MSG_INIT  
[2020/02/21 18:18:21 595] lgi        305  lgi  lgi_  268436457  1552357598  
[2020/02/21 18:18:21 595] lgi        403  token:  nil  
[2020/02/21 18:18:21 595] lgi        476  msc cver : 5.0.42.1226  
[2020/02/21 18:18:21 595] lgi        519  ns_enable=  1  
[2020/02/21 18:18:21 595] lgi        531  prot_ver=1  
[2020/02/21 18:18:21 595] lgi        542  prot_type=tcp  
[2020/02/21 18:18:21 595] lgi        693  SYS_MSG_UNLOAD  go bg!  
============================================================
Time  2020/02/24 09:45:22 894 
============================================================
[2020/02/24 09:45:22 894] lgi        684  SYS_MSG_LOAD  
[2020/02/24 09:45:22 894] lgi        706  SYS_MSG_REGCB  msp_status_cb  func(fd9cfcf0) 
[2020/02/24 09:45:22 894] lgi        298  LGI_MSG_INIT  
[2020/02/24 09:45:22 894] lgi        305  lgi  lgi_  268436457  1552357598  
[2020/02/24 09:45:22 894] lgi        403  token:  nil  
[2020/02/24 09:45:22 894] lgi        476  msc cver : 5.0.42.1226  
[2020/02/24 09:45:22 895] lgi        519  ns_enable=  1  
[2020/02/24 09:45:22 895] lgi        531  prot_ver=1  
[2020/02/24 09:45:22 895] lgi        542  prot_type=tcp  
[2020/02/24 09:45:22 895] lgi        693  SYS_MSG_UNLOAD  go bg!  
============================================================
Time  2020/02/24 09:45:58 536 
============================================================
[2020/02/24 09:45:58 536] lgi        684  SYS_MSG_LOAD  
[2020/02/24 09:45:58 536] lgi        706  SYS_MSG_REGCB  msp_status_cb  func(9e1400a0) 
[2020/02/24 09:45:58 536] lgi        298  LGI_MSG_INIT  
[2020/02/24 09:45:58 536] lgi        305  lgi  lgi_  268436457  1552357598  
[2020/02/24 09:45:58 536] lgi        403  token:  nil  
[2020/02/24 09:45:58 536] lgi        476  msc cver : 5.0.42.1226  
[2020/02/24 09:45:58 538] lgi        519  ns_enable=  1  
[2020/02/24 09:45:58 538] lgi        531  prot_ver=1  
[2020/02/24 09:45:58 538] lgi        542  prot_type=tcp  
[2020/02/24 09:45:58 538] lgi        693  SYS_MSG_UNLOAD  go bg!  
============================================================
Time  2020/02/24 09:46:17 671 
============================================================
[2020/02/24 09:46:17 671] lgi        684  SYS_MSG_LOAD  
[2020/02/24 09:46:17 673] lgi        706  SYS_MSG_REGCB  msp_status_cb  func(7e2600e0) 
[2020/02/24 09:46:17 673] lgi        298  LGI_MSG_INIT  
[2020/02/24 09:46:17 673] lgi        305  lgi  lgi_  268436457  1552357598  
[2020/02/24 09:46:17 673] lgi        403  token:  nil  
[2020/02/24 09:46:17 673] lgi        476  msc cver : 5.0.42.1226  
[2020/02/24 09:46:17 673] lgi        519  ns_enable=  1  
[2020/02/24 09:46:17 673] lgi        531  prot_ver=1  
[2020/02/24 09:46:17 673] lgi        542  prot_type=tcp  
[2020/02/24 09:46:17 673] lgi        693  SYS_MSG_UNLOAD  go bg!  
