============================================================
Time  2020/02/21 16:31:23 762 
============================================================
[2020/02/21 16:31:23 762] isr_local  2210 os_type is:  Win64  
[2020/02/21 16:31:23 763] isr_local  2219 SYS_MSG_LOAD_LOCAL  
[2020/02/21 16:31:23 763] isr_local  2248 SYS_MSG_REGCB_LOCAL| param0 =  msp_status_cb  
[2020/02/21 16:31:23 763] isr_local  2248 SYS_MSG_REGCB_LOCAL| param0 =  build_grm_cb  
[2020/02/21 16:31:23 763] isr_local  2261 ASR_LOCAL_MSG_BUILD_GRM  
[2020/02/21 16:31:23 763] isr_local  1902 grm_init | params:  engine_type = local,asr_res_path = msc/res/asr/common.jet, sample_rate = 16000,grm_build_path = msc/res/asr/GrmBuilld,  
[2020/02/21 16:31:23 763] isr_local  804  engine_type  :  local  
[2020/02/21 16:31:23 763] isr_local  804  asr_res_path  :  msc/res/asr/common.jet  
[2020/02/21 16:31:23 763] isr_local  804  sample_rate  :  16000  
[2020/02/21 16:31:23 763] isr_local  804  grm_build_path  :  msc/res/asr/GrmBuilld  
[2020/02/21 16:31:23 765] isr_local  1001 file count =   1  
[2020/02/21 16:31:23 765] isr_local  919  res path is incomplete!  
[2020/02/21 16:31:23 765] isr_local  1007 parse respath substr error! :  23002  
[2020/02/21 16:31:23 765] isr_local  1887 parse_respath error! :  nil  
[2020/02/21 16:31:23 765] isr_local  1950 grm_init | create grm failed!  
[2020/02/21 16:31:23 765] isr_local  1643 proc_retcode_grm | errorcode =  23002  
[2020/02/21 16:31:23 765] isr_local  1635 onGrmLocalServiceCb  23002  nil  
