============================================================
Time  2020/03/24 10:12:52 065 
============================================================
[2020/03/24 10:12:52 065] grm_lex    264  SYS_MSG_LOAD  
[2020/03/24 10:12:52 065] grm_lex    281  SYS_MSG_REGCB  
[2020/03/24 10:12:52 065] grm_lex    267  SYS_MSG_UNLOAD  
[2020/03/24 10:12:52 065] grm_lex    281  SYS_MSG_REGCB  
[2020/03/24 10:12:52 066] grm_lex    251  ISR_MSG_BUILDGRAMMAR  
[2020/03/24 10:12:52 066] grm_lex    100  grm_type :  bnf  
[2020/03/24 10:12:52 066] grm_lex    106  engine_type  :  local  
[2020/03/24 10:12:52 066] grm_lex    106  asr_res_path  :  fo|E:\GitHubProject\HAYC Studio\HAYC Speech Service\bin\x64\Debug\res\asr\common.jet  
[2020/03/24 10:12:52 066] grm_lex    106  sample_rate  :  16000  
[2020/03/24 10:12:52 066] grm_lex    106  grm_build_path  :  E:\GitHubProject\HAYC Studio\HAYC Speech Service\bin\x64\Debug\res\asr\GrmBuilld  
[2020/03/24 10:12:52 068] grm_lex    254  ISR_MSG_BUILDGRAMMAR ret =  0  
[2020/03/24 10:12:52 076] grm_lex    71   10102  nil  
============================================================
Time  2020/03/24 10:14:38 980 
============================================================
[2020/03/24 10:14:38 980] grm_lex    264  SYS_MSG_LOAD  
[2020/03/24 10:14:38 980] grm_lex    281  SYS_MSG_REGCB  
[2020/03/24 10:14:38 980] grm_lex    267  SYS_MSG_UNLOAD  
[2020/03/24 10:14:38 980] grm_lex    281  SYS_MSG_REGCB  
[2020/03/24 10:14:38 980] grm_lex    251  ISR_MSG_BUILDGRAMMAR  
[2020/03/24 10:14:38 980] grm_lex    100  grm_type :  bnf  
[2020/03/24 10:14:38 980] grm_lex    106  engine_type  :  local  
[2020/03/24 10:14:38 980] grm_lex    106  asr_res_path  :  fo|E:\GitHubProject\HAYC Studio\HAYC Speech Service\bin\x64\Debug\res\asr\common.jet  
[2020/03/24 10:14:38 980] grm_lex    106  sample_rate  :  16000  
[2020/03/24 10:14:38 980] grm_lex    106  grm_build_path  :  E:\GitHubProject\HAYC Studio\HAYC Speech Service\bin\x64\Debug\res\asr\GrmBuilld  
[2020/03/24 10:14:38 982] grm_lex    254  ISR_MSG_BUILDGRAMMAR ret =  0  
[2020/03/24 10:14:38 992] grm_lex    71   10102  nil  
============================================================
Time  2020/03/24 10:17:52 111 
============================================================
[2020/03/24 10:17:52 111] grm_lex    264  SYS_MSG_LOAD  
[2020/03/24 10:17:52 111] grm_lex    281  SYS_MSG_REGCB  
[2020/03/24 10:17:52 111] grm_lex    267  SYS_MSG_UNLOAD  
[2020/03/24 10:17:52 111] grm_lex    281  SYS_MSG_REGCB  
[2020/03/24 10:17:52 111] grm_lex    251  ISR_MSG_BUILDGRAMMAR  
[2020/03/24 10:17:52 111] grm_lex    100  grm_type :  bnf  
[2020/03/24 10:17:52 111] grm_lex    106  engine_type  :  local  
[2020/03/24 10:17:52 111] grm_lex    106  asr_res_path  :  fo|E:\GitHubProject\HAYC Studio\HAYC Speech Service\bin\x64\Debug\res\asr\common.jet  
[2020/03/24 10:17:52 111] grm_lex    106  sample_rate  :  16000  
[2020/03/24 10:17:52 111] grm_lex    106  grm_build_path  :  E:\GitHubProject\HAYC Studio\HAYC Speech Service\bin\x64\Debug\res\asr\GrmBuilld  
[2020/03/24 10:17:52 112] grm_lex    254  ISR_MSG_BUILDGRAMMAR ret =  0  
[2020/03/24 10:17:52 142] grm_lex    71   0  call  
