============================================================
Time  2020/03/24 10:13:16 980 
============================================================
[2020/03/24 10:13:16 980] isr        1659 isr loaded!  
[2020/03/24 10:13:16 980] isr        1642 SYS_MSG_REGCB param0 =   msp_status_cb  param1 =   func(76ccba8) 
[2020/03/24 10:13:16 980] isr        1537 ASR_MSG_SSB  
[2020/03/24 10:13:16 980] isr        1066 session_begin() [in], params:   engine_type = local,asr_res_path = fo|E:\GitHubProject\HAYC Studio\HAYC Speech Service\bin\x64\Debug\res\asr\common.jet, sample_rate = 16000, grm_build_path = E:\GitHubProject\HAYC Studio\HAYC Speech Service\bin\x64\Debug\res\asr\GrmBuilld, local_grammar = , result_type = xml, result_encoding = GB2312, asr_denoise=1  nil  
[2020/03/24 10:13:16 980] isr        927  vad_set [in]  
[2020/03/24 10:13:16 980] isr        962  vad_enable :  true  
[2020/03/24 10:13:16 980] isr        980  vad_bos :  10000  
[2020/03/24 10:13:16 980] isr        981  vad_eos :  2000  
[2020/03/24 10:13:16 980] isr        886  enable_vad [in]  
[2020/03/24 10:13:16 980] isr        918  vad enabled!  2000  10000  
[2020/03/24 10:13:16 980] isr        921  enable_vad [out]  
[2020/03/24 10:13:16 980] isr        987  vad_set [out] | ret =  0  
[2020/03/24 10:13:16 980] isr        1182 cur_engine_type =   local  
[2020/03/24 10:13:16 980] isr        992  local_session_begin  
[2020/03/24 10:13:16 983] isr        1547 ASR_MSG_AUW,   local  
[2020/03/24 10:13:16 983] isr        1559 6400  1  
[2020/03/24 10:13:16 983] isr        1569 once_bytes:   6400  
[2020/03/24 10:13:16 983] isr        851  [aud] speech start  
[2020/03/24 10:13:16 983] isr        798  1  msc  
[2020/03/24 10:13:16 987] isr        723  local_cbmsg_handler  ,msg=  409  param1=  10102  
[2020/03/24 10:13:16 987] isr        399  error occurred:   local  10102  
[2020/03/24 10:13:17 132] isr        1547 ASR_MSG_AUW,   local  
[2020/03/24 10:13:17 132] isr        1559 6400  2  
[2020/03/24 10:13:17 132] isr        1547 ASR_MSG_AUW,   local  
[2020/03/24 10:13:17 132] isr        1559 0  4  
[2020/03/24 10:13:17 132] isr        1592 aud end, USER  
[2020/03/24 10:13:17 134] isr        1639 ASR_MSG_SSE,   local  
[2020/03/24 10:13:17 134] isr        1356 session_end() [in]  
[2020/03/24 10:13:17 134] isr        1377 local_session_end() [in]  
[2020/03/24 10:13:17 134] isr        1416 ASR_LOCAL_MSG_SSE net_type  nil  
[2020/03/24 10:13:17 134] isr        1667 isr unload!  
