============================================================
Time  2020/03/24 10:13:16 986 
============================================================
[2020/03/24 10:13:16 986] isr_local  2210 os_type is:  Win32  
[2020/03/24 10:13:16 986] isr_local  2219 SYS_MSG_LOAD_LOCAL  
[2020/03/24 10:13:16 986] isr_local  2248 SYS_MSG_REGCB_LOCAL| param0 =  msp_status_cb  
[2020/03/24 10:13:16 986] isr_local  2248 SYS_MSG_REGCB_LOCAL| param0 =  local_service_cbmsg  
[2020/03/24 10:13:16 986] isr_local  2156 ASR_LOCAL_MSG_SSB  
[2020/03/24 10:13:16 986] isr_local  1268 esr_session_begin | params:  engine_type=local,asr_res_path=fo|E:\GitHubProject\HAYC Studio\HAYC Speech Service\bin\x64\Debug\res\asr\common.jet,sample_rate=16000,grm_build_path=E:\GitHubProject\HAYC Studio\HAYC Speech Service\bin\x64\Debug\res\asr\GrmBuilld,local_grammar= ,result_type=xml,result_encoding=GB2312,asr_denoise=1  
[2020/03/24 10:13:16 986] isr_local  804  engine_type  :  local  
[2020/03/24 10:13:16 986] isr_local  804  asr_res_path  :  fo|E:\GitHubProject\HAYC Studio\HAYC Speech Service\bin\x64\Debug\res\asr\common.jet  
[2020/03/24 10:13:16 986] isr_local  804  sample_rate  :  16000  
[2020/03/24 10:13:16 986] isr_local  804  grm_build_path  :  E:\GitHubProject\HAYC Studio\HAYC Speech Service\bin\x64\Debug\res\asr\GrmBuilld  
[2020/03/24 10:13:16 986] isr_local  804  local_grammar  :     
[2020/03/24 10:13:16 986] isr_local  804  result_type  :  xml  
[2020/03/24 10:13:16 986] isr_local  804  result_encoding  :  GB2312  
[2020/03/24 10:13:16 986] isr_local  804  asr_denoise  :  1  
[2020/03/24 10:13:16 986] isr_local  1313 init aitalk in ssb  
[2020/03/24 10:13:16 986] isr_local  1176 esr_init | params:  engine_type=local,asr_res_path=fo|E:\GitHubProject\HAYC Studio\HAYC Speech Service\bin\x64\Debug\res\asr\common.jet,sample_rate=16000,grm_build_path=E:\GitHubProject\HAYC Studio\HAYC Speech Service\bin\x64\Debug\res\asr\GrmBuilld,local_grammar= ,result_type=xml,result_encoding=GB2312,asr_denoise=1  
[2020/03/24 10:13:16 986] isr_local  804  engine_type  :  local  
[2020/03/24 10:13:16 986] isr_local  804  asr_res_path  :  fo|E:\GitHubProject\HAYC Studio\HAYC Speech Service\bin\x64\Debug\res\asr\common.jet  
[2020/03/24 10:13:16 986] isr_local  804  sample_rate  :  16000  
[2020/03/24 10:13:16 986] isr_local  804  grm_build_path  :  E:\GitHubProject\HAYC Studio\HAYC Speech Service\bin\x64\Debug\res\asr\GrmBuilld  
[2020/03/24 10:13:16 986] isr_local  804  local_grammar  :     
[2020/03/24 10:13:16 986] isr_local  804  result_type  :  xml  
[2020/03/24 10:13:16 986] isr_local  804  result_encoding  :  GB2312  
[2020/03/24 10:13:16 986] isr_local  804  asr_denoise  :  1  
[2020/03/24 10:13:16 986] isr_local  1084  lucEsr.new   
[2020/03/24 10:13:16 986] isr_local  1001 file count =   1  
[2020/03/24 10:13:16 986] isr_local  924  file open type is:   fo  
[2020/03/24 10:13:16 986] isr_local  957  E:\GitHubProject\HAYC Studio\HAYC Speech Service\bin\x64\Debug\res\asr\common.jet  0  0  
[2020/03/24 10:13:16 986] isr_local  1019 speech_plus_setting  0  
[2020/03/24 10:13:16 987] isr_local  1032 2  nil  E:\GitHubProject\HAYC Studio\HAYC Speech Service\bin\x64\Debug\res\asr\common.jet  0  0  
[2020/03/24 10:13:16 987] isr_local  1034 res_ver  0  
[2020/03/24 10:13:16 987] isr_local  1035 res 5    
[2020/03/24 10:13:16 987] isr_local  1036 res_new_old_mark    
[2020/03/24 10:13:16 987] isr_local  1037 res_usr_name  x`  
[2020/03/24 10:13:16 987] isr_local  1038 res_expires    
[2020/03/24 10:13:16 987] isr_local  1039 err  10102  
[2020/03/24 10:13:16 987] isr_local  1007 parse respath substr error! :  10102  
[2020/03/24 10:13:16 987] isr_local  1093 parse_respath error! :  10102  
[2020/03/24 10:13:16 987] isr_local  1211 esr_init | create esr failed  
[2020/03/24 10:13:16 987] isr_local  1317 esr_session_begin | init error! :  10102  
[2020/03/24 10:13:16 987] isr_local  2164 esr_session_begin, ret =   10102  
[2020/03/24 10:13:16 987] isr_local  278  process_retcode | latest_error =   10102  
[2020/03/24 10:13:17 134] isr_local  2182 ASR_LOCAL_MSG_SSE  
[2020/03/24 10:13:17 134] isr_local  2184 esr_session_end, ret =  10102  
