============================================================
Time  2020/03/24 10:12:52 042 
============================================================
[2020/03/24 10:12:52 042] lgi        684  SYS_MSG_LOAD  
[2020/03/24 10:12:52 043] lgi        706  SYS_MSG_REGCB  msp_status_cb  func(7651c68) 
[2020/03/24 10:12:52 043] lgi        298  LGI_MSG_INIT  
[2020/03/24 10:12:52 043] lgi        305  lgi  lgi_  268436457  1552301824  
[2020/03/24 10:12:52 043] lgi        403  token:  nil  
[2020/03/24 10:12:52 043] lgi        476  msc cver : 5.0.42.1226  
[2020/03/24 10:12:52 043] lgi        519  ns_enable=  1  
[2020/03/24 10:12:52 043] lgi        531  prot_ver=1  
[2020/03/24 10:12:52 043] lgi        542  prot_type=tcp  
[2020/03/24 10:12:52 045] lgi        693  SYS_MSG_UNLOAD  go bg!  
============================================================
Time  2020/03/24 10:14:38 971 
============================================================
[2020/03/24 10:14:38 976] lgi        684  SYS_MSG_LOAD  
[2020/03/24 10:14:38 976] lgi        706  SYS_MSG_REGCB  msp_status_cb  func(70c2a50) 
[2020/03/24 10:14:38 976] lgi        298  LGI_MSG_INIT  
[2020/03/24 10:14:38 977] lgi        305  lgi  lgi_  268436457  1552301824  
[2020/03/24 10:14:38 977] lgi        403  token:  nil  
[2020/03/24 10:14:38 977] lgi        476  msc cver : 5.0.42.1226  
[2020/03/24 10:14:38 977] lgi        519  ns_enable=  1  
[2020/03/24 10:14:38 977] lgi        531  prot_ver=1  
[2020/03/24 10:14:38 977] lgi        542  prot_type=tcp  
[2020/03/24 10:14:38 977] lgi        693  SYS_MSG_UNLOAD  go bg!  
============================================================
Time  2020/03/24 10:17:52 104 
============================================================
[2020/03/24 10:17:52 108] lgi        684  SYS_MSG_LOAD  
[2020/03/24 10:17:52 108] lgi        706  SYS_MSG_REGCB  msp_status_cb  func(7252590) 
[2020/03/24 10:17:52 108] lgi        298  LGI_MSG_INIT  
[2020/03/24 10:17:52 108] lgi        305  lgi  lgi_  268436457  1552301824  
[2020/03/24 10:17:52 108] lgi        403  token:  nil  
[2020/03/24 10:17:52 108] lgi        476  msc cver : 5.0.42.1226  
[2020/03/24 10:17:52 109] lgi        519  ns_enable=  1  
[2020/03/24 10:17:52 109] lgi        531  prot_ver=1  
[2020/03/24 10:17:52 109] lgi        542  prot_type=tcp  
[2020/03/24 10:17:52 109] lgi        693  SYS_MSG_UNLOAD  go bg!  
