============================================================
Time  2020/03/24 10:17:52 118 
============================================================
[2020/03/24 10:17:52 118] isr_local  2210 os_type is:  Win32  
[2020/03/24 10:17:52 118] isr_local  2219 SYS_MSG_LOAD_LOCAL  
[2020/03/24 10:17:52 118] isr_local  2248 SYS_MSG_REGCB_LOCAL| param0 =  msp_status_cb  
[2020/03/24 10:17:52 118] isr_local  2248 SYS_MSG_REGCB_LOCAL| param0 =  build_grm_cb  
[2020/03/24 10:17:52 118] isr_local  2261 ASR_LOCAL_MSG_BUILD_GRM  
[2020/03/24 10:17:52 119] isr_local  1902 grm_init | params:  engine_type = local,asr_res_path = fo|E:\GitHubProject\HAYC Studio\HAYC Speech Service\bin\x64\Debug\res\asr\common.jet, sample_rate = 16000,grm_build_path = E:\GitHubProject\HAYC Studio\HAYC Speech Service\bin\x64\Debug\res\asr\GrmBuilld,  
[2020/03/24 10:17:52 119] isr_local  804  engine_type  :  local  
[2020/03/24 10:17:52 119] isr_local  804  asr_res_path  :  fo|E:\GitHubProject\HAYC Studio\HAYC Speech Service\bin\x64\Debug\res\asr\common.jet  
[2020/03/24 10:17:52 119] isr_local  804  sample_rate  :  16000  
[2020/03/24 10:17:52 119] isr_local  804  grm_build_path  :  E:\GitHubProject\HAYC Studio\HAYC Speech Service\bin\x64\Debug\res\asr\GrmBuilld  
[2020/03/24 10:17:52 119] isr_local  1001 file count =   1  
[2020/03/24 10:17:52 119] isr_local  924  file open type is:   fo  
[2020/03/24 10:17:52 119] isr_local  957  E:\GitHubProject\HAYC Studio\HAYC Speech Service\bin\x64\Debug\res\asr\common.jet  0  0  
[2020/03/24 10:17:52 119] isr_local  1019 speech_plus_setting  0  
[2020/03/24 10:17:52 119] isr_local  1032 2  nil  E:\GitHubProject\HAYC Studio\HAYC Speech Service\bin\x64\Debug\res\asr\common.jet  0  0  
[2020/03/24 10:17:52 121] isr_local  1034 res_ver  2  
[2020/03/24 10:17:52 121] isr_local  1035 res 5  371184cadc45e0e9b09de375257bb1c9  
[2020/03/24 10:17:52 121] isr_local  1036 res_new_old_mark  v5pp  
[2020/03/24 10:17:52 121] isr_local  1037 res_usr_name  ""  
[2020/03/24 10:17:52 121] isr_local  1038 res_expires  1592791265  
[2020/03/24 10:17:52 121] isr_local  1039 err  0  
[2020/03/24 10:17:52 121] isr_local  1070 now expires:  1585016272  1592791265  
[2020/03/24 10:17:52 121] isr_local  1643 proc_retcode_grm | errorcode =  0  
[2020/03/24 10:17:52 140] isr_local  2021 grammar id:call  
[2020/03/24 10:17:52 142] isr_local  1635 onGrmLocalServiceCb  0  call  
