============================================================
Time  2020/02/27 14:13:54 244 
============================================================
[2020/02/27 14:13:54 244] isr_local  2210 os_type is:  Win32  
[2020/02/27 14:13:54 246] isr_local  2219 SYS_MSG_LOAD_LOCAL  
[2020/02/27 14:13:54 246] isr_local  2248 SYS_MSG_REGCB_LOCAL| param0 =  msp_status_cb  
[2020/02/27 14:13:54 246] isr_local  2248 SYS_MSG_REGCB_LOCAL| param0 =  local_service_cbmsg  
[2020/02/27 14:13:54 246] isr_local  2156 ASR_LOCAL_MSG_SSB  
[2020/02/27 14:13:54 246] isr_local  1268 esr_session_begin | params:  engine_type=local,asr_res_path=msc/res/asr/common.jet,sample_rate=16000,grm_build_path=msc/res/asr/GrmBuilld,local_grammar= ,result_type=xml,result_encoding=GB2312,asr_denoise=1  
[2020/02/27 14:13:54 246] isr_local  804  engine_type  :  local  
[2020/02/27 14:13:54 246] isr_local  804  asr_res_path  :  msc/res/asr/common.jet  
[2020/02/27 14:13:54 246] isr_local  804  sample_rate  :  16000  
[2020/02/27 14:13:54 246] isr_local  804  grm_build_path  :  msc/res/asr/GrmBuilld  
[2020/02/27 14:13:54 246] isr_local  804  local_grammar  :     
[2020/02/27 14:13:54 246] isr_local  804  result_type  :  xml  
[2020/02/27 14:13:54 246] isr_local  804  result_encoding  :  GB2312  
[2020/02/27 14:13:54 246] isr_local  804  asr_denoise  :  1  
[2020/02/27 14:13:54 246] isr_local  1313 init aitalk in ssb  
[2020/02/27 14:13:54 246] isr_local  1176 esr_init | params:  engine_type=local,asr_res_path=msc/res/asr/common.jet,sample_rate=16000,grm_build_path=msc/res/asr/GrmBuilld,local_grammar= ,result_type=xml,result_encoding=GB2312,asr_denoise=1  
[2020/02/27 14:13:54 246] isr_local  804  engine_type  :  local  
[2020/02/27 14:13:54 246] isr_local  804  asr_res_path  :  msc/res/asr/common.jet  
[2020/02/27 14:13:54 246] isr_local  804  sample_rate  :  16000  
[2020/02/27 14:13:54 246] isr_local  804  grm_build_path  :  msc/res/asr/GrmBuilld  
[2020/02/27 14:13:54 246] isr_local  804  local_grammar  :     
[2020/02/27 14:13:54 246] isr_local  804  result_type  :  xml  
[2020/02/27 14:13:54 246] isr_local  804  result_encoding  :  GB2312  
[2020/02/27 14:13:54 246] isr_local  804  asr_denoise  :  1  
[2020/02/27 14:13:54 247] isr_local  1084  lucEsr.new   
[2020/02/27 14:13:54 247] isr_local  1001 file count =   1  
[2020/02/27 14:13:54 247] isr_local  919  res path is incomplete!  
[2020/02/27 14:13:54 247] isr_local  1007 parse respath substr error! :  23002  
[2020/02/27 14:13:54 247] isr_local  1093 parse_respath error! :  23002  
[2020/02/27 14:13:54 247] isr_local  1211 esr_init | create esr failed  
[2020/02/27 14:13:54 247] isr_local  1317 esr_session_begin | init error! :  23002  
[2020/02/27 14:13:54 247] isr_local  2164 esr_session_begin, ret =   23002  
[2020/02/27 14:13:54 247] isr_local  278  process_retcode | latest_error =   23002  
