============================================================
Time  2020/02/27 14:13:29 691 
============================================================
[2020/02/27 14:13:29 693][Px49e8][Tx60b4][DBG] MSPTHREAD  MSPThreadP 734  POST socket_main_0:1:1:0
[2020/02/27 14:13:29 693][Px49e8][Tx5f2c][DBG] MSPTHREAD  MSPThreadP 826  socket_main_0 IDLE
[2020/02/27 14:13:29 694][Px49e8][Tx5f2c][DBG] MSPTHREAD  MSPThreadP 868  socket_main_0 RUN <socket_main_0>
[2020/02/27 14:13:29 700][Px49e8][Tx60b4][DBG] MSPTHREAD  MSPThreadP 734  POST l_engine_1:1:1:0
[2020/02/27 14:13:29 700][Px49e8][Tx5558][DBG] MSPTHREAD  MSPThreadP 826  l_engine_1 IDLE
[2020/02/27 14:13:29 700][Px49e8][Tx5558][DBG] MSPTHREAD  MSPThreadP 868  l_engine_1 RUN <l_engine_1>
[2020/02/27 14:13:29 703][Px49e8][Tx60b4][DBG] MSPTHREAD  MSPThreadP 734  POST l_engine_2:1:1:0
[2020/02/27 14:13:29 703][Px49e8][Tx6fd8][DBG] MSPTHREAD  MSPThreadP 826  l_engine_2 IDLE
[2020/02/27 14:13:29 703][Px49e8][Tx6fd8][DBG] MSPTHREAD  MSPThreadP 868  l_engine_2 RUN <l_engine_2>
[2020/02/27 14:13:29 703][Px49e8][Tx60b4][DBG] MSPTHREAD  MSPThreadP 734  POST l_engine_3:1:1:0
[2020/02/27 14:13:29 703][Px49e8][Tx6cdc][DBG] MSPTHREAD  MSPThreadP 826  l_engine_3 IDLE
[2020/02/27 14:13:29 703][Px49e8][Tx6cdc][DBG] MSPTHREAD  MSPThreadP 868  l_engine_3 RUN <l_engine_3>
[2020/02/27 14:13:29 703][Px49e8][Tx60b4][DBG] MSPTHREAD  MSPThreadP 734  POST l_engine_4:1:1:0
[2020/02/27 14:13:29 703][Px49e8][Tx6ff0][DBG] MSPTHREAD  MSPThreadP 826  l_engine_4 IDLE
[2020/02/27 14:13:29 703][Px49e8][Tx6ff0][DBG] MSPTHREAD  MSPThreadP 868  l_engine_4 RUN <l_engine_4>
[2020/02/27 14:13:29 703][Px49e8][Tx60b4][DBG] MSPTHREAD  MSPThreadP 734  POST l_engine_5:1:1:0
[2020/02/27 14:13:29 703][Px49e8][Tx6cd8][DBG] MSPTHREAD  MSPThreadP 826  l_engine_5 IDLE
[2020/02/27 14:13:29 703][Px49e8][Tx6cd8][DBG] MSPTHREAD  MSPThreadP 868  l_engine_5 RUN <l_engine_5>
[2020/02/27 14:13:29 703][Px49e8][Tx60b4][DBG] MSPTHREAD  MSPThreadP 734  POST l_engine_6:1:1:0
[2020/02/27 14:13:29 703][Px49e8][Tx6f90][DBG] MSPTHREAD  MSPThreadP 826  l_engine_6 IDLE
[2020/02/27 14:13:29 703][Px49e8][Tx6f90][DBG] MSPTHREAD  MSPThreadP 868  l_engine_6 RUN <l_engine_6>
[2020/02/27 14:13:29 709][Px49e8][Tx60b4][TRC] MSPCMN     msp_cmn.c  1509 MSPLogin(aade9cc,aade9c8,aade9a4) [in]
[2020/02/27 14:13:29 709][Px49e8][Tx60b4][TRC] LENGINE    leng_shell 109  lEngine_Start(af3c04c,aade490,1, 0) [in]
[2020/02/27 14:13:29 709][Px49e8][Tx60b4][INF] LLOADER    lloader.c  327  load lgi
[2020/02/27 14:13:29 709][Px49e8][Tx60b4][INF] LLOADER    lloader.c  339  a intalled entry
[2020/02/27 14:13:29 709][Px49e8][Tx60b4][INF] LLOADER    lloader.c  365  from rom
[2020/02/27 14:13:29 709][Px49e8][Tx60b4][PRF] LLOADER    lloader.c  397  load lgi cost 0 (ms)
[2020/02/27 14:13:29 710][Px49e8][Tx60b4][DBG] LENGINE    leng_shell 204  env=d3c9e90,lgi,lgi_
[2020/02/27 14:13:29 710][Px49e8][Tx60b4][DBG] MSPTHREAD  MSPThreadP 734  POST l_engine_6:6:1:1
[2020/02/27 14:13:29 710][Px49e8][Tx60b4][TRC] LENGINE    leng_shell 275  lEngine_Start() [out] 0
[2020/02/27 14:13:29 710][Px49e8][Tx6f90][DBG] LENGINE    leng_main. 565  ENGINE_MSG_LOAD
[2020/02/27 14:13:29 710][Px49e8][Tx60b4][TRC] LENGINE    leng_shell 418  lEngine_SendMessage(d3c9e90,1,4,,,) [in]
[2020/02/27 14:13:29 710][Px49e8][Tx6f90][DBG] LENGINE    leng_main. 209  lEngine_LoadEnv(b1f0914,d3c9e90) [in]
[2020/02/27 14:13:29 710][Px49e8][Tx60b4][DBG] MSPTHREAD  MSPThreadP 734  POST l_engine_6:11:1:0
[2020/02/27 14:13:29 716][Px49e8][Tx6f90][INF] LLOADER    lloader.c  327  load ecode
[2020/02/27 14:13:29 716][Px49e8][Tx6f90][INF] LLOADER    lloader.c  339  a intalled entry
[2020/02/27 14:13:29 716][Px49e8][Tx6f90][INF] LLOADER    lloader.c  365  from rom
[2020/02/27 14:13:29 716][Px49e8][Tx6f90][PRF] LLOADER    lloader.c  397  load ecode cost 0 (ms)
[2020/02/27 14:13:29 717][Px49e8][Tx6f90][INF] LLOADER    lloader.c  327  load config
[2020/02/27 14:13:29 717][Px49e8][Tx6f90][INF] LLOADER    lloader.c  339  a intalled entry
[2020/02/27 14:13:29 717][Px49e8][Tx6f90][INF] LLOADER    lloader.c  365  from rom
[2020/02/27 14:13:29 717][Px49e8][Tx6f90][PRF] LLOADER    lloader.c  397  load config cost 0 (ms)
[2020/02/27 14:13:29 717][Px49e8][Tx6f90][INF] LMOD       luac_logge 172  [config:43:use general cloud  ]
[2020/02/27 14:13:29 717][Px49e8][Tx6f90][INF] LLOADER    lloader.c  327  load update
[2020/02/27 14:13:29 717][Px49e8][Tx6f90][INF] LLOADER    lloader.c  339  a intalled entry
[2020/02/27 14:13:29 727][Px49e8][Tx6f90][INF] LLOADER    lloader.c  365  from rom
[2020/02/27 14:13:29 727][Px49e8][Tx6f90][PRF] LLOADER    lloader.c  397  load update cost 15 (ms)
[2020/02/27 14:13:29 727][Px49e8][Tx6f90][INF] LLOADER    lloader.c  327  load transport
[2020/02/27 14:13:29 727][Px49e8][Tx6f90][INF] LLOADER    lloader.c  339  a intalled entry
[2020/02/27 14:13:29 729][Px49e8][Tx6f90][INF] LLOADER    lloader.c  365  from rom
[2020/02/27 14:13:29 729][Px49e8][Tx6f90][PRF] LLOADER    lloader.c  397  load transport cost 0 (ms)
[2020/02/27 14:13:29 729][Px49e8][Tx6f90][INF] LLOADER    lloader.c  327  load ns
[2020/02/27 14:13:29 729][Px49e8][Tx6f90][INF] LLOADER    lloader.c  339  a intalled entry
[2020/02/27 14:13:29 730][Px49e8][Tx6f90][INF] LLOADER    lloader.c  365  from rom
[2020/02/27 14:13:29 730][Px49e8][Tx6f90][PRF] LLOADER    lloader.c  397  load ns cost 0 (ms)
[2020/02/27 14:13:29 730][Px49e8][Tx6f90][INF] LLOADER    lloader.c  327  load network
[2020/02/27 14:13:29 730][Px49e8][Tx6f90][INF] LLOADER    lloader.c  339  a intalled entry
[2020/02/27 14:13:29 733][Px49e8][Tx6f90][INF] LLOADER    lloader.c  365  from rom
[2020/02/27 14:13:29 733][Px49e8][Tx6f90][PRF] LLOADER    lloader.c  397  load network cost 0 (ms)
[2020/02/27 14:13:29 733][Px49e8][Tx6f90][DBG] LENGINE    leng_main. 263  precall return 0
[2020/02/27 14:13:29 733][Px49e8][Tx6f90][DBG] LENGINE    leng_main. 288  [lgi_], ACTIVE
[2020/02/27 14:13:29 733][Px49e8][Tx6f90][DBG] LENGINE    leng_rpc.c 416  luacRPCFuncProto_Invoke(d439318,d3c9e90) [in]
[2020/02/27 14:13:29 733][Px49e8][Tx6f90][TRC] LMOD       luac_logge 170  [lgi:684:SYS_MSG_LOAD  ]
[2020/02/27 14:13:29 733][Px49e8][Tx6f90][INF] LLOADER    lloader.c  327  load dkjson
[2020/02/27 14:13:29 733][Px49e8][Tx6f90][INF] LLOADER    lloader.c  339  a intalled entry
[2020/02/27 14:13:29 736][Px49e8][Tx6f90][INF] LLOADER    lloader.c  365  from rom
[2020/02/27 14:13:29 736][Px49e8][Tx6f90][PRF] LLOADER    lloader.c  397  load dkjson cost 16 (ms)
[2020/02/27 14:13:29 736][Px49e8][Tx6f90][INF] LLOADER    lloader.c  327  load debug
[2020/02/27 14:13:29 736][Px49e8][Tx6f90][ERR] LLOADER    lloader.c  390  not found!
[2020/02/27 14:13:29 737][Px49e8][Tx6f90][DBG] LENGINE    leng_rpc.c 533  luacRPCFuncProto_Invoke() [out] ret = 0
[2020/02/27 14:13:29 737][Px49e8][Tx6f90][DBG] LENGINE    leng_main. 312  [lgi_], loaded
[2020/02/27 14:13:29 737][Px49e8][Tx6f90][DBG] LENGINE    leng_rpc.c 416  luacRPCFuncProto_Invoke(d439318,d3c9e90) [in]
[2020/02/27 14:13:29 737][Px49e8][Tx6f90][TRC] LMOD       luac_logge 170  [lgi:706:SYS_MSG_REGCB  msp_status_cb  func(d400950) ]
[2020/02/27 14:13:29 737][Px49e8][Tx6f90][DBG] LENGINE    leng_rpc.c 533  luacRPCFuncProto_Invoke() [out] ret = 0
[2020/02/27 14:13:29 737][Px49e8][Tx6f90][DBG] LENGINE    leng_main. 345  lEngine_LoadEnv() [out] successfully
[2020/02/27 14:13:29 737][Px49e8][Tx6f90][DBG] LENGINE    leng_main. 571  lgi_, eng = l_engine_6, env = d3c9e90, L = d3c9ef0
[2020/02/27 14:13:29 737][Px49e8][Tx6f90][INF] LENGINE    leng_main. 572  l_engine_6 occupancy: 1 (33%)
[2020/02/27 14:13:29 737][Px49e8][Tx6f90][DBG] LENGINE    leng_main. 539  ENGINE_MSG_RPC_SYNC
[2020/02/27 14:13:29 737][Px49e8][Tx6f90][DBG] LENGINE    leng_main. 547  [lgi_], stat = 1
[2020/02/27 14:13:29 737][Px49e8][Tx6f90][DBG] LENGINE    leng_rpc.c 416  luacRPCFuncProto_Invoke(d3cae30,d3c9e90) [in]
[2020/02/27 14:13:29 737][Px49e8][Tx6f90][TRC] LMOD       luac_logge 170  [lgi:298:LGI_MSG_INIT  ]
[2020/02/27 14:13:29 737][Px49e8][Tx6f90][INF] LMOD       luac_logge 172  [lgi:305:lgi  lgi_  268436457  1552301824  ]
[2020/02/27 14:13:29 739][Px49e8][Tx6f90][TRC] MSPCMN     msp_cmn.c  941  statusCbStub(,,param_num = 5)
[2020/02/27 14:13:29 739][Px49e8][Tx6f90][PRF] LENGINE    leng_main. 189  callc(msp_status_cb) cost 0 ms
[2020/02/27 14:13:29 739][Px49e8][Tx6f90][TRC] LMOD       luac_logge 170  [lgi:403:token:  nil  ]
[2020/02/27 14:13:29 739][Px49e8][Tx6f90][INF] LMOD       luac_logge 172  [lgi:476:msc cver : 5.0.42.1226  ]
[2020/02/27 14:13:29 739][Px49e8][Tx6f90][INF] LMOD       luac_logge 172  [lgi:519:ns_enable=  1  ]
[2020/02/27 14:13:29 739][Px49e8][Tx6f90][INF] LMOD       luac_logge 172  [lgi:531:prot_ver=1  ]
[2020/02/27 14:13:29 740][Px49e8][Tx6f90][INF] LMOD       luac_logge 172  [lgi:542:prot_type=tcp  ]
[2020/02/27 14:13:29 740][Px49e8][Tx6f90][DBG] LENGINE    leng_rpc.c 533  luacRPCFuncProto_Invoke() [out] ret = 0
[2020/02/27 14:13:29 740][Px49e8][Tx60b4][TRC] LENGINE    leng_shell 461  lEngine_SendMessage() [out] 0
[2020/02/27 14:13:29 740][Px49e8][Tx60b4][TRC] LENGINE    leng_shell 310  lEngine_Stop(d3c9e90) [in]
[2020/02/27 14:13:29 740][Px49e8][Tx60b4][DBG] MSPTHREAD  MSPThreadP 734  POST l_engine_6:7:1:1
[2020/02/27 14:13:29 740][Px49e8][Tx6f90][DBG] LENGINE    leng_main. 586  ENGINE_MSG_UNLOAD
[2020/02/27 14:13:29 740][Px49e8][Tx6f90][DBG] LENGINE    leng_rpc.c 416  luacRPCFuncProto_Invoke(d41f110,d3c9e90) [in]
[2020/02/27 14:13:29 740][Px49e8][Tx6f90][TRC] LMOD       luac_logge 170  [lgi:693:SYS_MSG_UNLOAD  go bg!  ]
[2020/02/27 14:13:29 740][Px49e8][Tx6f90][DBG] LENGINE    leng_rpc.c 533  luacRPCFuncProto_Invoke() [out] ret = 0
[2020/02/27 14:13:29 740][Px49e8][Tx6f90][DBG] LENGINE    leng_main. 623  [lgi_] active, go bg!
[2020/02/27 14:13:29 740][Px49e8][Tx60b4][TRC] LENGINE    leng_shell 369  lEngine_Stop() [out] 0
[2020/02/27 14:13:29 740][Px49e8][Tx60b4][TRC] MSPCMN     msp_cmn.c  1699 MSPLogin() [out] 0
[2020/02/27 14:13:29 740][Px49e8][Tx60b4][TRC] QISR       qisr.c     917  QISRBuildGrammar(893f1d0,626478,257,61a720) [in]
[2020/02/27 14:13:29 740][Px49e8][Tx60b4][TRC] LENGINE    leng_shell 109  lEngine_Start(b07ed28,aade8b0,1, 0) [in]
[2020/02/27 14:13:29 742][Px49e8][Tx60b4][INF] LLOADER    lloader.c  327  load grm_lex
[2020/02/27 14:13:29 742][Px49e8][Tx60b4][INF] LLOADER    lloader.c  339  a intalled entry
[2020/02/27 14:13:29 747][Px49e8][Tx60b4][INF] LLOADER    lloader.c  365  from rom
[2020/02/27 14:13:29 747][Px49e8][Tx60b4][PRF] LLOADER    lloader.c  397  load grm_lex cost 0 (ms)
[2020/02/27 14:13:29 747][Px49e8][Tx60b4][DBG] LENGINE    leng_shell 204  env=d3fe1a8,grm_lex,local_grm
[2020/02/27 14:13:29 747][Px49e8][Tx60b4][DBG] MSPTHREAD  MSPThreadP 734  POST l_engine_5:6:1:1
[2020/02/27 14:13:29 747][Px49e8][Tx60b4][TRC] LENGINE    leng_shell 275  lEngine_Start() [out] 0
[2020/02/27 14:13:29 747][Px49e8][Tx60b4][TRC] LENGINE    leng_shell 477  lEngine_RegisterCallBack(d3fe1a8,b07feb4,abe8d40,0,) [in]
[2020/02/27 14:13:29 747][Px49e8][Tx60b4][DBG] MSPTHREAD  MSPThreadP 734  POST l_engine_5:8:1:0
[2020/02/27 14:13:29 747][Px49e8][Tx60b4][TRC] LENGINE    leng_shell 514  lEngine_RegisterCallBack() [out] 0
[2020/02/27 14:13:29 747][Px49e8][Tx60b4][TRC] LENGINE    leng_shell 380  lEngine_PostMessage(d3fe1a8,1,3,) [in]
[2020/02/27 14:13:29 747][Px49e8][Tx6cd8][DBG] LENGINE    leng_main. 565  ENGINE_MSG_LOAD
[2020/02/27 14:13:29 747][Px49e8][Tx60b4][WAR] LENGINE    leng_shell 390  msg send while not active
[2020/02/27 14:13:29 747][Px49e8][Tx6cd8][DBG] LENGINE    leng_main. 209  lEngine_LoadEnv(b1f08f0,d3fe1a8) [in]
[2020/02/27 14:13:29 749][Px49e8][Tx60b4][DBG] MSPTHREAD  MSPThreadP 734  POST l_engine_5:10:1:0
[2020/02/27 14:13:29 749][Px49e8][Tx60b4][TRC] LENGINE    leng_shell 407  lEngine_PostMessage() [out] 0
[2020/02/27 14:13:29 749][Px49e8][Tx60b4][TRC] LENGINE    leng_shell 310  lEngine_Stop(d3fe1a8) [in]
[2020/02/27 14:13:29 749][Px49e8][Tx60b4][DBG] MSPTHREAD  MSPThreadP 734  POST l_engine_5:7:1:0
[2020/02/27 14:13:29 749][Px49e8][Tx6cd8][INF] LLOADER    lloader.c  327  load ecode
[2020/02/27 14:13:29 749][Px49e8][Tx6cd8][INF] LLOADER    lloader.c  339  a intalled entry
[2020/02/27 14:13:29 749][Px49e8][Tx6cd8][INF] LLOADER    lloader.c  365  from rom
[2020/02/27 14:13:29 749][Px49e8][Tx6cd8][PRF] LLOADER    lloader.c  397  load ecode cost 0 (ms)
[2020/02/27 14:13:29 749][Px49e8][Tx6cd8][DBG] LENGINE    leng_main. 263  precall return 0
[2020/02/27 14:13:29 749][Px49e8][Tx6cd8][DBG] LENGINE    leng_main. 288  [local_grm], ACTIVE
[2020/02/27 14:13:29 749][Px49e8][Tx6cd8][DBG] LENGINE    leng_rpc.c 416  luacRPCFuncProto_Invoke(d3e5680,d3fe1a8) [in]
[2020/02/27 14:13:29 749][Px49e8][Tx6cd8][TRC] LMOD       luac_logge 170  [grm_lex:264:SYS_MSG_LOAD  ]
[2020/02/27 14:13:29 749][Px49e8][Tx6cd8][DBG] LENGINE    leng_rpc.c 533  luacRPCFuncProto_Invoke() [out] ret = 0
[2020/02/27 14:13:29 749][Px49e8][Tx6cd8][DBG] LENGINE    leng_main. 312  [local_grm], loaded
[2020/02/27 14:13:29 749][Px49e8][Tx6cd8][DBG] LENGINE    leng_rpc.c 416  luacRPCFuncProto_Invoke(d3e5680,d3fe1a8) [in]
[2020/02/27 14:13:29 750][Px49e8][Tx6cd8][TRC] LMOD       luac_logge 170  [grm_lex:281:SYS_MSG_REGCB  ]
[2020/02/27 14:13:29 750][Px49e8][Tx6cd8][DBG] LENGINE    leng_rpc.c 533  luacRPCFuncProto_Invoke() [out] ret = 0
[2020/02/27 14:13:29 750][Px49e8][Tx6cd8][DBG] LENGINE    leng_main. 345  lEngine_LoadEnv() [out] successfully
[2020/02/27 14:13:29 750][Px49e8][Tx6cd8][DBG] LENGINE    leng_main. 571  local_grm, eng = l_engine_5, env = d3fe1a8, L = d420e58
[2020/02/27 14:13:29 750][Px49e8][Tx6cd8][INF] LENGINE    leng_main. 572  l_engine_5 occupancy: 1 (33%)
[2020/02/27 14:13:29 750][Px49e8][Tx6cd8][DBG] LENGINE    leng_main. 586  ENGINE_MSG_UNLOAD
[2020/02/27 14:13:29 750][Px49e8][Tx6cd8][DBG] LENGINE    leng_rpc.c 416  luacRPCFuncProto_Invoke(d3e5680,d3fe1a8) [in]
[2020/02/27 14:13:29 750][Px49e8][Tx6cd8][TRC] LMOD       luac_logge 170  [grm_lex:267:SYS_MSG_UNLOAD  ]
[2020/02/27 14:13:29 750][Px49e8][Tx6cd8][DBG] LENGINE    leng_rpc.c 533  luacRPCFuncProto_Invoke() [out] ret = 0
[2020/02/27 14:13:29 750][Px49e8][Tx6cd8][DBG] LENGINE    leng_main. 623  [local_grm] active, go bg!
[2020/02/27 14:13:29 750][Px49e8][Tx6cd8][DBG] LENGINE    leng_main. 690  ENGINE_MSG_REGCB
[2020/02/27 14:13:29 750][Px49e8][Tx6cd8][DBG] LENGINE    leng_main. 715  local_grm (grmMessageCallBackC)
[2020/02/27 14:13:29 750][Px49e8][Tx6cd8][DBG] LENGINE    leng_rpc.c 416  luacRPCFuncProto_Invoke(d3e5680,d3fe1a8) [in]
[2020/02/27 14:13:29 750][Px49e8][Tx60b4][TRC] LENGINE    leng_shell 369  lEngine_Stop() [out] 0
[2020/02/27 14:13:29 750][Px49e8][Tx6cd8][TRC] LMOD       luac_logge 170  [grm_lex:281:SYS_MSG_REGCB  ]
[2020/02/27 14:13:29 750][Px49e8][Tx60b4][TRC] QISR       qisr.c     998  QISRBuildGrammar() [out] 0
[2020/02/27 14:13:29 750][Px49e8][Tx6cd8][DBG] LENGINE    leng_rpc.c 533  luacRPCFuncProto_Invoke() [out] ret = 0
[2020/02/27 14:13:29 750][Px49e8][Tx6cd8][DBG] LENGINE    leng_main. 517  ENGINE_MSG_RPC_ASYNC
[2020/02/27 14:13:29 750][Px49e8][Tx6cd8][DBG] LENGINE    leng_main. 525  [local_grm], stat = 1
[2020/02/27 14:13:29 750][Px49e8][Tx6cd8][DBG] LENGINE    leng_rpc.c 416  luacRPCFuncProto_Invoke(d41f110,d3fe1a8) [in]
[2020/02/27 14:13:29 750][Px49e8][Tx6cd8][TRC] LMOD       luac_logge 170  [grm_lex:251:ISR_MSG_BUILDGRAMMAR  ]
[2020/02/27 14:13:29 750][Px49e8][Tx6cd8][TRC] LMOD       luac_logge 170  [grm_lex:100:grm_type :  bnf  ]
[2020/02/27 14:13:29 750][Px49e8][Tx6cd8][TRC] LMOD       luac_logge 170  [grm_lex:106:engine_type  :  local  ]
[2020/02/27 14:13:29 750][Px49e8][Tx6cd8][TRC] LMOD       luac_logge 170  [grm_lex:106:asr_res_path  :  msc/res/asr/common.jet  ]
[2020/02/27 14:13:29 750][Px49e8][Tx6cd8][TRC] LMOD       luac_logge 170  [grm_lex:106:sample_rate  :  16000  ]
[2020/02/27 14:13:29 750][Px49e8][Tx6cd8][TRC] LMOD       luac_logge 170  [grm_lex:106:grm_build_path  :  msc/res/asr/GrmBuilld  ]
[2020/02/27 14:13:29 750][Px49e8][Tx6cd8][TRC] LENGINE    leng_shell 109  lEngine_Start(d43d0f0,d3ff4d0,0, 0) [in]
[2020/02/27 14:13:29 750][Px49e8][Tx6cd8][INF] LLOADER    lloader.c  327  load isr_local
[2020/02/27 14:13:29 750][Px49e8][Tx6cd8][INF] LLOADER    lloader.c  339  a intalled entry
[2020/02/27 14:13:29 753][Px49e8][Tx6cd8][INF] LLOADER    lloader.c  365  from rom
[2020/02/27 14:13:29 755][Px49e8][Tx6cd8][PRF] LLOADER    lloader.c  397  load isr_local cost 15 (ms)
[2020/02/27 14:13:29 755][Px49e8][Tx6cd8][DBG] LENGINE    leng_shell 204  env=d3fe988,isr_local,local_build_dc3f384dc3f388f524f55e575e09acb4800
[2020/02/27 14:13:29 755][Px49e8][Tx6cd8][DBG] MSPTHREAD  MSPThreadP 734  POST l_engine_4:6:1:1
[2020/02/27 14:13:29 755][Px49e8][Tx6cd8][TRC] LENGINE    leng_shell 275  lEngine_Start() [out] 0
[2020/02/27 14:13:29 755][Px49e8][Tx6cd8][TRC] LENGINE    leng_shell 477  lEngine_RegisterCallBack(d3fe988,d43d120,acb10d0,dc3f348,) [in]
[2020/02/27 14:13:29 755][Px49e8][Tx6ff0][DBG] LENGINE    leng_main. 565  ENGINE_MSG_LOAD
[2020/02/27 14:13:29 755][Px49e8][Tx6cd8][DBG] MSPTHREAD  MSPThreadP 734  POST l_engine_4:8:1:0
[2020/02/27 14:13:29 755][Px49e8][Tx6ff0][DBG] LENGINE    leng_main. 209  lEngine_LoadEnv(b1f08cc,d3fe988) [in]
[2020/02/27 14:13:29 755][Px49e8][Tx6cd8][TRC] LENGINE    leng_shell 514  lEngine_RegisterCallBack() [out] 0
[2020/02/27 14:13:29 755][Px49e8][Tx6cd8][TRC] LENGINE    leng_shell 380  lEngine_PostMessage(d3fe988,307,2,) [in]
[2020/02/27 14:13:29 755][Px49e8][Tx6cd8][WAR] LENGINE    leng_shell 390  msg send while not active
[2020/02/27 14:13:29 755][Px49e8][Tx6cd8][DBG] MSPTHREAD  MSPThreadP 734  POST l_engine_4:10:1:0
[2020/02/27 14:13:29 755][Px49e8][Tx6cd8][TRC] LENGINE    leng_shell 407  lEngine_PostMessage() [out] 0
[2020/02/27 14:13:29 756][Px49e8][Tx6cd8][TRC] LMOD       luac_logge 170  [grm_lex:254:ISR_MSG_BUILDGRAMMAR ret =  0  ]
[2020/02/27 14:13:29 756][Px49e8][Tx6cd8][DBG] LENGINE    leng_rpc.c 533  luacRPCFuncProto_Invoke() [out] ret = 0
[2020/02/27 14:13:29 756][Px49e8][Tx6ff0][INF] LLOADER    lloader.c  327  load ecode
[2020/02/27 14:13:29 756][Px49e8][Tx6ff0][INF] LLOADER    lloader.c  339  a intalled entry
[2020/02/27 14:13:29 756][Px49e8][Tx6ff0][INF] LLOADER    lloader.c  365  from rom
[2020/02/27 14:13:29 756][Px49e8][Tx6ff0][PRF] LLOADER    lloader.c  397  load ecode cost 0 (ms)
[2020/02/27 14:13:29 756][Px49e8][Tx6ff0][INF] LLOADER    lloader.c  327  load dkjson
[2020/02/27 14:13:29 756][Px49e8][Tx6ff0][INF] LLOADER    lloader.c  339  a intalled entry
[2020/02/27 14:13:29 756][Px49e8][Tx6ff0][INF] LLOADER    lloader.c  365  from rom
[2020/02/27 14:13:29 756][Px49e8][Tx6ff0][PRF] LLOADER    lloader.c  397  load dkjson cost 0 (ms)
[2020/02/27 14:13:29 756][Px49e8][Tx6ff0][INF] LLOADER    lloader.c  327  load debug
[2020/02/27 14:13:29 756][Px49e8][Tx6ff0][ERR] LLOADER    lloader.c  390  not found!
[2020/02/27 14:13:29 756][Px49e8][Tx6ff0][INF] LLOADER    lloader.c  327  load auth
[2020/02/27 14:13:29 756][Px49e8][Tx6ff0][INF] LLOADER    lloader.c  339  a intalled entry
[2020/02/27 14:13:29 756][Px49e8][Tx6ff0][INF] LLOADER    lloader.c  365  from rom
[2020/02/27 14:13:29 756][Px49e8][Tx6ff0][PRF] LLOADER    lloader.c  397  load auth cost 0 (ms)
[2020/02/27 14:13:29 760][Px49e8][Tx6ff0][TRC] LENGINE    luac_auth. 106  luac_loadluacAuth enter
[2020/02/27 14:13:29 760][Px49e8][Tx6ff0][TRC] LENGINE    luac_auth. 91   luac_openluacAuth enter
[2020/02/27 14:13:29 762][Px49e8][Tx6ff0][TRC] LENGINE    luac_auth. 99   luac_openluacAuth leave
[2020/02/27 14:13:29 762][Px49e8][Tx6ff0][TRC] LENGINE    luac_auth. 109  luac_loadluacAuth leave
[2020/02/27 14:13:29 762][Px49e8][Tx6ff0][INF] LLOADER    lloader.c  327  load config
[2020/02/27 14:13:29 762][Px49e8][Tx6ff0][INF] LLOADER    lloader.c  339  a intalled entry
[2020/02/27 14:13:29 762][Px49e8][Tx6ff0][INF] LLOADER    lloader.c  365  from rom
[2020/02/27 14:13:29 762][Px49e8][Tx6ff0][PRF] LLOADER    lloader.c  397  load config cost 0 (ms)
[2020/02/27 14:13:29 762][Px49e8][Tx6ff0][INF] LMOD       luac_logge 172  [config:43:use general cloud  ]
[2020/02/27 14:13:29 762][Px49e8][Tx6ff0][INF] LLOADER    lloader.c  327  load update
[2020/02/27 14:13:29 762][Px49e8][Tx6ff0][INF] LLOADER    lloader.c  339  a intalled entry
[2020/02/27 14:13:29 762][Px49e8][Tx6ff0][INF] LLOADER    lloader.c  365  from rom
[2020/02/27 14:13:29 762][Px49e8][Tx6ff0][PRF] LLOADER    lloader.c  397  load update cost 0 (ms)
[2020/02/27 14:13:29 762][Px49e8][Tx6ff0][INF] LLOADER    lloader.c  327  load transport
[2020/02/27 14:13:29 762][Px49e8][Tx6ff0][INF] LLOADER    lloader.c  339  a intalled entry
[2020/02/27 14:13:29 762][Px49e8][Tx6ff0][INF] LLOADER    lloader.c  365  from rom
[2020/02/27 14:13:29 762][Px49e8][Tx6ff0][PRF] LLOADER    lloader.c  397  load transport cost 0 (ms)
[2020/02/27 14:13:29 763][Px49e8][Tx6ff0][INF] LLOADER    lloader.c  327  load ns
[2020/02/27 14:13:29 763][Px49e8][Tx6ff0][INF] LLOADER    lloader.c  339  a intalled entry
[2020/02/27 14:13:29 763][Px49e8][Tx6ff0][INF] LLOADER    lloader.c  365  from rom
[2020/02/27 14:13:29 763][Px49e8][Tx6ff0][PRF] LLOADER    lloader.c  397  load ns cost 0 (ms)
[2020/02/27 14:13:29 765][Px49e8][Tx6ff0][INF] LLOADER    lloader.c  327  load network
[2020/02/27 14:13:29 765][Px49e8][Tx6ff0][INF] LLOADER    lloader.c  339  a intalled entry
[2020/02/27 14:13:29 765][Px49e8][Tx6ff0][INF] LLOADER    lloader.c  365  from rom
[2020/02/27 14:13:29 765][Px49e8][Tx6ff0][PRF] LLOADER    lloader.c  397  load network cost 0 (ms)
[2020/02/27 14:13:29 766][Px49e8][Tx6ff0][TRC] LENGINE    luac_auth. 118  luac_auth_new enter
[2020/02/27 14:13:29 766][Px49e8][Tx6ff0][TRC] LENGINE    luac_auth. 126  luac_auth_new leave
[2020/02/27 14:13:29 766][Px49e8][Tx6ff0][DBG] LENGINE    leng_main. 263  precall return 0
[2020/02/27 14:13:29 766][Px49e8][Tx6ff0][DBG] LENGINE    leng_main. 288  [local_build_dc3f384dc3f388f524f55e575e09acb4800], ACTIVE
[2020/02/27 14:13:29 766][Px49e8][Tx6ff0][DBG] LENGINE    leng_rpc.c 416  luacRPCFuncProto_Invoke(df2db60,d3fe988) [in]
[2020/02/27 14:13:29 766][Px49e8][Tx6ff0][TRC] LMOD       luac_logge 170  [isr_local:2210:os_type is:  Win32  ]
[2020/02/27 14:13:29 767][Px49e8][Tx6ff0][TRC] LMOD       luac_logge 170  [isr_local:2219:SYS_MSG_LOAD_LOCAL  ]
[2020/02/27 14:13:29 767][Px49e8][Tx6ff0][DBG] LENGINE    leng_rpc.c 533  luacRPCFuncProto_Invoke() [out] ret = 0
[2020/02/27 14:13:29 767][Px49e8][Tx6ff0][DBG] LENGINE    leng_main. 312  [local_build_dc3f384dc3f388f524f55e575e09acb4800], loaded
[2020/02/27 14:13:29 767][Px49e8][Tx6ff0][DBG] LENGINE    leng_rpc.c 416  luacRPCFuncProto_Invoke(df2db60,d3fe988) [in]
[2020/02/27 14:13:29 767][Px49e8][Tx6ff0][TRC] LMOD       luac_logge 170  [isr_local:2248:SYS_MSG_REGCB_LOCAL| param0 =  msp_status_cb  ]
[2020/02/27 14:13:29 767][Px49e8][Tx6ff0][DBG] LENGINE    leng_rpc.c 533  luacRPCFuncProto_Invoke() [out] ret = 0
[2020/02/27 14:13:29 767][Px49e8][Tx6ff0][DBG] LENGINE    leng_main. 345  lEngine_LoadEnv() [out] successfully
[2020/02/27 14:13:29 767][Px49e8][Tx6ff0][DBG] LENGINE    leng_main. 571  local_build_dc3f384dc3f388f524f55e575e09acb4800, eng = l_engine_4, env = d3fe988, L = d4241b0
[2020/02/27 14:13:29 767][Px49e8][Tx6ff0][INF] LENGINE    leng_main. 572  l_engine_4 occupancy: 1 (33%)
[2020/02/27 14:13:29 767][Px49e8][Tx6ff0][DBG] LENGINE    leng_main. 690  ENGINE_MSG_REGCB
[2020/02/27 14:13:29 767][Px49e8][Tx6ff0][DBG] LENGINE    leng_main. 715  local_build_dc3f384dc3f388f524f55e575e09acb4800 (build_grm_cb)
[2020/02/27 14:13:29 767][Px49e8][Tx6ff0][DBG] LENGINE    leng_rpc.c 416  luacRPCFuncProto_Invoke(df2db60,d3fe988) [in]
[2020/02/27 14:13:29 767][Px49e8][Tx6ff0][TRC] LMOD       luac_logge 170  [isr_local:2248:SYS_MSG_REGCB_LOCAL| param0 =  build_grm_cb  ]
[2020/02/27 14:13:29 767][Px49e8][Tx6ff0][DBG] LENGINE    leng_rpc.c 533  luacRPCFuncProto_Invoke() [out] ret = 0
[2020/02/27 14:13:29 767][Px49e8][Tx6ff0][DBG] LENGINE    leng_main. 517  ENGINE_MSG_RPC_ASYNC
[2020/02/27 14:13:29 767][Px49e8][Tx6ff0][DBG] LENGINE    leng_main. 525  [local_build_dc3f384dc3f388f524f55e575e09acb4800], stat = 1
[2020/02/27 14:13:29 767][Px49e8][Tx6ff0][DBG] LENGINE    leng_rpc.c 416  luacRPCFuncProto_Invoke(d3e5680,d3fe988) [in]
[2020/02/27 14:13:29 767][Px49e8][Tx6ff0][TRC] LMOD       luac_logge 170  [isr_local:2261:ASR_LOCAL_MSG_BUILD_GRM  ]
[2020/02/27 14:13:29 767][Px49e8][Tx6ff0][TRC] LMOD       luac_logge 170  [isr_local:1902:grm_init | params:  engine_type = local,asr_res_path = msc/res/asr/common.jet, sample_rate = 16000,grm_build_path = msc/res/asr/GrmBuilld,  ]
[2020/02/27 14:13:29 767][Px49e8][Tx6ff0][TRC] LMOD       luac_logge 170  [isr_local:804:engine_type  :  local  ]
[2020/02/27 14:13:29 767][Px49e8][Tx6ff0][TRC] LMOD       luac_logge 170  [isr_local:804:asr_res_path  :  msc/res/asr/common.jet  ]
[2020/02/27 14:13:29 767][Px49e8][Tx6ff0][TRC] LMOD       luac_logge 170  [isr_local:804:sample_rate  :  16000  ]
[2020/02/27 14:13:29 769][Px49e8][Tx6ff0][TRC] LMOD       luac_logge 170  [isr_local:804:grm_build_path  :  msc/res/asr/GrmBuilld  ]
[2020/02/27 14:13:29 769][Px49e8][Tx6ff0][TRC] LENGINE    aitalk.c   660  Grm_New(df292b8, 2, df00e10, daff4ec) [in]
[2020/02/27 14:13:29 769][Px49e8][Tx6ff0][TRC] LENGINE    aitalk.c   684  temp path is msc/res/asr/GrmBuilld/temp/
[2020/02/27 14:13:29 769][Px49e8][Tx6ff0][DBG] MSPTHREAD  MSPThreadP 734  POST grmWorker_build:1:1:0
[2020/02/27 14:13:29 769][Px49e8][Tx6cb8][DBG] MSPTHREAD  MSPThreadP 826  grmWorker_build IDLE
[2020/02/27 14:13:29 769][Px49e8][Tx6cb8][DBG] MSPTHREAD  MSPThreadP 868  grmWorker_build RUN <grmWorker_build>
[2020/02/27 14:13:29 769][Px49e8][Tx6ff0][TRC] LENGINE    aitalk.c   732  Grm_New(df07b78, 0) [out]
[2020/02/27 14:13:29 769][Px49e8][Tx6ff0][TRC] LMOD       luac_logge 170  [isr_local:1001:file count =   1  ]
[2020/02/27 14:13:29 769][Px49e8][Tx6ff0][ERR] LMOD       luac_logge 166  [isr_local:919:res path is incomplete!  ]
[2020/02/27 14:13:29 769][Px49e8][Tx6ff0][TRC] LMOD       luac_logge 170  [isr_local:1007:parse respath substr error! :  23002  ]
[2020/02/27 14:13:29 769][Px49e8][Tx6ff0][ERR] LMOD       luac_logge 166  [isr_local:1887:parse_respath error! :  nil  ]
[2020/02/27 14:13:29 769][Px49e8][Tx6ff0][ERR] LMOD       luac_logge 166  [isr_local:1950:grm_init | create grm failed!  ]
[2020/02/27 14:13:29 769][Px49e8][Tx6ff0][TRC] LENGINE    aitalk.c   792  Grm_Destroy(df07b78) [in]
[2020/02/27 14:13:29 769][Px49e8][Tx6ff0][DBG] MSPTHREAD  MSPThreadP 734  POST grmWorker_build:11:1:1
[2020/02/27 14:13:29 769][Px49e8][Tx6ff0][DBG] MSPTHREAD  MSPThreadP 734  POST grmWorker_build:2:1:0
[2020/02/27 14:13:29 769][Px49e8][Tx6cb8][TRC] LENGINE    aitalk.c   2168 AITALK GRM_WORKER EXIT
[2020/02/27 14:13:29 769][Px49e8][Tx6cb8][DBG] MSPTHREAD  MSPThreadP 872  grmWorker_build END <grmWorker_build>
[2020/02/27 14:13:29 769][Px49e8][Tx6cb8][DBG] MSPTHREAD  MSPThreadP 895  grmWorker_build IDLE
[2020/02/27 14:13:29 769][Px49e8][Tx6ff0][TRC] LENGINE    aitalk.c   817  Grm_Destroy(df07b78, 0) [out]
[2020/02/27 14:13:29 769][Px49e8][Tx6ff0][TRC] LMOD       luac_logge 170  [isr_local:1643:proc_retcode_grm | errorcode =  23002  ]
[2020/02/27 14:13:29 769][Px49e8][Tx6ff0][TRC] LMOD       luac_logge 170  [isr_local:1635:onGrmLocalServiceCb  23002  nil  ]
[2020/02/27 14:13:29 769][Px49e8][Tx6ff0][DBG] MSPTHREAD  MSPThreadP 734  POST l_engine_5:10:1:1
[2020/02/27 14:13:29 769][Px49e8][Tx6ff0][PRF] LENGINE    leng_main. 189  callc(build_grm_cb) cost 0 ms
[2020/02/27 14:13:29 769][Px49e8][Tx6ff0][TRC] LENGINE    leng_shell 545  lEngine_Exit(d3fe988) [in]
[2020/02/27 14:13:29 769][Px49e8][Tx6ff0][DBG] LENGINE    leng_shell 549  [local_build_dc3f384dc3f388f524f55e575e09acb4800] dying...
[2020/02/27 14:13:29 769][Px49e8][Tx6cd8][DBG] LENGINE    leng_main. 517  ENGINE_MSG_RPC_ASYNC
[2020/02/27 14:13:29 769][Px49e8][Tx6ff0][DBG] MSPTHREAD  MSPThreadP 734  POST l_engine_4:9:1:0
[2020/02/27 14:13:29 769][Px49e8][Tx6cd8][DBG] LENGINE    leng_main. 525  [local_grm], stat = 1
[2020/02/27 14:13:29 769][Px49e8][Tx6ff0][TRC] LENGINE    leng_shell 582  lEngine_Exit() [out] 0
[2020/02/27 14:13:29 769][Px49e8][Tx6cd8][DBG] LENGINE    leng_rpc.c 416  luacRPCFuncProto_Invoke(d401960,d3fe1a8) [in]
[2020/02/27 14:13:29 770][Px49e8][Tx6ff0][DBG] LENGINE    leng_rpc.c 533  luacRPCFuncProto_Invoke() [out] ret = 0
[2020/02/27 14:13:29 770][Px49e8][Tx6ff0][DBG] LENGINE    leng_main. 651  ENGINE_MSG_STOP
[2020/02/27 14:13:29 770][Px49e8][Tx6cd8][TRC] LMOD       luac_logge 170  [grm_lex:71:23002  nil  ]
[2020/02/27 14:13:29 770][Px49e8][Tx6ff0][DBG] LENGINE    leng_main. 671  [local_build_dc3f384dc3f388f524f55e575e09acb4800] bg, unload directly!
[2020/02/27 14:13:29 770][Px49e8][Tx6cd8][TRC] QISR       qisr.c     864  grmMessageCallBackC| enter
[2020/02/27 14:13:29 770][Px49e8][Tx6ff0][INF] LENGINE    leng_main. 676  l_engine_4 occupancy: 0 (0%)
[2020/02/27 14:13:29 823][Px49e8][Tx6cd8][TRC] QISR       qisr.c     895  grmMessageCallBackC| leave
[2020/02/27 14:13:29 823][Px49e8][Tx6cd8][PRF] LENGINE    leng_main. 189  callc(grmMessageCallBackC) cost 47 ms
[2020/02/27 14:13:29 823][Px49e8][Tx6cd8][TRC] LENGINE    leng_shell 545  lEngine_Exit(d3fe1a8) [in]
[2020/02/27 14:13:29 825][Px49e8][Tx6cd8][DBG] LENGINE    leng_shell 549  [local_grm] dying...
[2020/02/27 14:13:29 825][Px49e8][Tx6cd8][DBG] MSPTHREAD  MSPThreadP 734  POST l_engine_5:9:1:0
[2020/02/27 14:13:29 825][Px49e8][Tx6cd8][TRC] LENGINE    leng_shell 582  lEngine_Exit() [out] 0
[2020/02/27 14:13:29 825][Px49e8][Tx6cd8][DBG] LENGINE    leng_rpc.c 533  luacRPCFuncProto_Invoke() [out] ret = 0
[2020/02/27 14:13:29 825][Px49e8][Tx6cd8][DBG] LENGINE    leng_main. 651  ENGINE_MSG_STOP
[2020/02/27 14:13:29 825][Px49e8][Tx6cd8][DBG] LENGINE    leng_main. 671  [local_grm] bg, unload directly!
[2020/02/27 14:13:29 825][Px49e8][Tx6cd8][INF] LENGINE    leng_main. 676  l_engine_5 occupancy: 0 (0%)
[2020/02/27 14:13:54 211][Px49e8][Tx61c8][TRC] QISR       qisr.c     189  QISRSessionBegin(0,893d7d0,e93ed1c) [in]
[2020/02/27 14:13:54 211][Px49e8][Tx61c8][TRC] MSPCMN     msp_cmn.c  2940 MSPGetParam(b07ec70, e93eba0, e93eb34) [in]
[2020/02/27 14:13:54 211][Px49e8][Tx61c8][TRC] MSPCMN     msp_cmn.c  2956 MSPGetParam() [out] -1
[2020/02/27 14:13:54 217][Px49e8][Tx61c8][TRC] LENGINE    leng_shell 109  lEngine_Start(b07ed0c,d3fc8e0,1, 0) [in]
[2020/02/27 14:13:54 217][Px49e8][Tx61c8][INF] LLOADER    lloader.c  327  load isr
[2020/02/27 14:13:54 217][Px49e8][Tx61c8][INF] LLOADER    lloader.c  339  a intalled entry
[2020/02/27 14:13:54 223][Px49e8][Tx61c8][INF] LLOADER    lloader.c  365  from rom
[2020/02/27 14:13:54 223][Px49e8][Tx61c8][PRF] LLOADER    lloader.c  397  load isr cost 15 (ms)
[2020/02/27 14:13:54 223][Px49e8][Tx61c8][DBG] LENGINE    leng_shell 204  env=d3fdfc8,isr,cisr1PdHHBHx-UL4hNn0aaPu2BtQuYO5k9
[2020/02/27 14:13:54 223][Px49e8][Tx61c8][DBG] MSPTHREAD  MSPThreadP 734  POST l_engine_5:6:1:1
[2020/02/27 14:13:54 223][Px49e8][Tx61c8][TRC] LENGINE    leng_shell 275  lEngine_Start() [out] 0
[2020/02/27 14:13:54 223][Px49e8][Tx6cd8][DBG] LENGINE    leng_main. 565  ENGINE_MSG_LOAD
[2020/02/27 14:13:54 223][Px49e8][Tx61c8][TRC] LENGINE    leng_shell 418  lEngine_SendMessage(d3fdfc8,1,2,,,) [in]
[2020/02/27 14:13:54 223][Px49e8][Tx6cd8][DBG] LENGINE    leng_main. 209  lEngine_LoadEnv(b1f08f0,d3fdfc8) [in]
[2020/02/27 14:13:54 223][Px49e8][Tx61c8][DBG] MSPTHREAD  MSPThreadP 734  POST l_engine_5:11:1:0
[2020/02/27 14:13:54 232][Px49e8][Tx6cd8][INF] LLOADER    lloader.c  327  load ecode
[2020/02/27 14:13:54 232][Px49e8][Tx6cd8][INF] LLOADER    lloader.c  339  a intalled entry
[2020/02/27 14:13:54 232][Px49e8][Tx6cd8][INF] LLOADER    lloader.c  365  from rom
[2020/02/27 14:13:54 232][Px49e8][Tx6cd8][PRF] LLOADER    lloader.c  397  load ecode cost 0 (ms)
[2020/02/27 14:13:54 232][Px49e8][Tx6cd8][DBG] LENGINE    leng_main. 263  precall return 0
[2020/02/27 14:13:54 232][Px49e8][Tx6cd8][DBG] LENGINE    leng_main. 288  [cisr1PdHHBHx-UL4hNn0aaPu2BtQuYO5k9], ACTIVE
[2020/02/27 14:13:54 232][Px49e8][Tx6cd8][DBG] LENGINE    leng_rpc.c 416  luacRPCFuncProto_Invoke(d40ecb0,d3fdfc8) [in]
[2020/02/27 14:13:54 233][Px49e8][Tx6cd8][TRC] LMOD       luac_logge 170  [isr:1659:isr loaded!  ]
[2020/02/27 14:13:54 233][Px49e8][Tx6cd8][DBG] LENGINE    leng_rpc.c 533  luacRPCFuncProto_Invoke() [out] ret = 0
[2020/02/27 14:13:54 233][Px49e8][Tx6cd8][DBG] LENGINE    leng_main. 312  [cisr1PdHHBHx-UL4hNn0aaPu2BtQuYO5k9], loaded
[2020/02/27 14:13:54 233][Px49e8][Tx6cd8][DBG] LENGINE    leng_rpc.c 416  luacRPCFuncProto_Invoke(d40ecb0,d3fdfc8) [in]
[2020/02/27 14:13:54 233][Px49e8][Tx6cd8][TRC] LMOD       luac_logge 170  [isr:1642:SYS_MSG_REGCB param0 =   msp_status_cb  param1 =   func(df23068) ]
[2020/02/27 14:13:54 233][Px49e8][Tx6cd8][DBG] LENGINE    leng_rpc.c 533  luacRPCFuncProto_Invoke() [out] ret = 0
[2020/02/27 14:13:54 233][Px49e8][Tx6cd8][DBG] LENGINE    leng_main. 345  lEngine_LoadEnv() [out] successfully
[2020/02/27 14:13:54 233][Px49e8][Tx6cd8][DBG] LENGINE    leng_main. 571  cisr1PdHHBHx-UL4hNn0aaPu2BtQuYO5k9, eng = l_engine_5, env = d3fdfc8, L = d420cc0
[2020/02/27 14:13:54 233][Px49e8][Tx6cd8][INF] LENGINE    leng_main. 572  l_engine_5 occupancy: 1 (33%)
[2020/02/27 14:13:54 233][Px49e8][Tx6cd8][DBG] LENGINE    leng_main. 539  ENGINE_MSG_RPC_SYNC
[2020/02/27 14:13:54 233][Px49e8][Tx6cd8][DBG] LENGINE    leng_main. 547  [cisr1PdHHBHx-UL4hNn0aaPu2BtQuYO5k9], stat = 1
[2020/02/27 14:13:54 233][Px49e8][Tx6cd8][DBG] LENGINE    leng_rpc.c 416  luacRPCFuncProto_Invoke(d41f110,d3fdfc8) [in]
[2020/02/27 14:13:54 233][Px49e8][Tx6cd8][TRC] LMOD       luac_logge 170  [isr:1537:ASR_MSG_SSB  ]
[2020/02/27 14:13:54 233][Px49e8][Tx6cd8][TRC] LMOD       luac_logge 170  [isr:1066:session_begin() [in], params:   engine_type = local,asr_res_path = msc/res/asr/common.jet, sample_rate = 16000, grm_build_path = msc/res/asr/GrmBuilld, local_grammar = , result_type = xml, result_encoding = GB2312, asr_denoise=1  nil  ]
[2020/02/27 14:13:54 233][Px49e8][Tx6cd8][TRC] LMOD       luac_logge 170  [isr:927:vad_set [in]  ]
[2020/02/27 14:13:54 233][Px49e8][Tx6cd8][TRC] LMOD       luac_logge 170  [isr:962:vad_enable :  true  ]
[2020/02/27 14:13:54 233][Px49e8][Tx6cd8][TRC] LMOD       luac_logge 170  [isr:980:vad_bos :  10000  ]
[2020/02/27 14:13:54 233][Px49e8][Tx6cd8][TRC] LMOD       luac_logge 170  [isr:981:vad_eos :  2000  ]
[2020/02/27 14:13:54 233][Px49e8][Tx6cd8][TRC] LMOD       luac_logge 170  [isr:886:enable_vad [in]  ]
[2020/02/27 14:13:54 233][Px49e8][Tx6cd8][TRC] AUDIOCODEC audio_code 541  audioEncoder_New(df06498, 0) [in]
[2020/02/27 14:13:54 233][Px49e8][Tx6cd8][INF] AUDIOCODEC audio_code 547  codecsType = 114
[2020/02/27 14:13:54 233][Px49e8][Tx6cd8][DBG] MSPTHREAD  MSPThreadP 734  POST grmWorker_build:1:1:1
[2020/02/27 14:13:54 233][Px49e8][Tx6cb8][DBG] MSPTHREAD  MSPThreadP 868  grmWorker_build RUN <audioEncoder>
[2020/02/27 14:13:54 233][Px49e8][Tx6cd8][TRC] AUDIOCODEC audio_code 867  audioEncoder_EnableVAD() [in]
[2020/02/27 14:13:54 234][Px49e8][Tx6cd8][DBG] AUDIOCODEC audio_code 874  iFlyFixFrontVersion = 1.0.1013
[2020/02/27 14:13:54 234][Px49e8][Tx6cd8][DBG] AUDIOCODEC audio_code 876  iFlyFixFrontCreate() ret=0
[2020/02/27 14:13:54 234][Px49e8][Tx6cd8][TRC] AUDIOCODEC audio_code 898  audioEncoder_SetVADParam(, 0, 10000) [in]
[2020/02/27 14:13:54 234][Px49e8][Tx6cd8][TRC] AUDIOCODEC audio_code 898  audioEncoder_SetVADParam(, 1, 2000) [in]
[2020/02/27 14:13:54 234][Px49e8][Tx6cd8][TRC] AUDIOCODEC audio_code 898  audioEncoder_SetVADParam(, 5, 0) [in]
[2020/02/27 14:13:54 234][Px49e8][Tx6cd8][TRC] LMOD       luac_logge 170  [isr:918:vad enabled!  2000  10000  ]
[2020/02/27 14:13:54 234][Px49e8][Tx6cd8][TRC] LMOD       luac_logge 170  [isr:921:enable_vad [out]  ]
[2020/02/27 14:13:54 234][Px49e8][Tx6cd8][TRC] LMOD       luac_logge 170  [isr:987:vad_set [out] | ret =  0  ]
[2020/02/27 14:13:54 234][Px49e8][Tx6cd8][TRC] LMOD       luac_logge 170  [isr:1182:cur_engine_type =   local  ]
[2020/02/27 14:13:54 234][Px49e8][Tx6cd8][TRC] LMOD       luac_logge 170  [isr:992:local_session_begin  ]
[2020/02/27 14:13:54 234][Px49e8][Tx6cd8][TRC] LENGINE    leng_shell 109  lEngine_Start(d4a9db0,d4a9db0,0, 0) [in]
[2020/02/27 14:13:54 234][Px49e8][Tx6cd8][INF] LLOADER    lloader.c  327  load isr_local
[2020/02/27 14:13:54 234][Px49e8][Tx6cd8][INF] LLOADER    lloader.c  339  a intalled entry
[2020/02/27 14:13:54 234][Px49e8][Tx6cd8][INF] LLOADER    lloader.c  365  from rom
[2020/02/27 14:13:54 234][Px49e8][Tx6cd8][PRF] LLOADER    lloader.c  397  load isr_local cost 0 (ms)
[2020/02/27 14:13:54 236][Px49e8][Tx6cd8][DBG] LENGINE    leng_shell 204  env=df01848,isr_local,isr_local
[2020/02/27 14:13:54 236][Px49e8][Tx6cd8][DBG] MSPTHREAD  MSPThreadP 734  POST l_engine_4:6:1:1
[2020/02/27 14:13:54 236][Px49e8][Tx6cd8][TRC] LENGINE    leng_shell 275  lEngine_Start() [out] 0
[2020/02/27 14:13:54 236][Px49e8][Tx6ff0][DBG] LENGINE    leng_main. 565  ENGINE_MSG_LOAD
[2020/02/27 14:13:54 236][Px49e8][Tx6cd8][TRC] LENGINE    leng_shell 477  lEngine_RegisterCallBack(df01848,d42b3b0,acb10d0,dc3f348,) [in]
[2020/02/27 14:13:54 236][Px49e8][Tx6ff0][DBG] LENGINE    leng_main. 209  lEngine_LoadEnv(b1f08cc,df01848) [in]
[2020/02/27 14:13:54 236][Px49e8][Tx6cd8][DBG] MSPTHREAD  MSPThreadP 734  POST l_engine_4:8:1:0
[2020/02/27 14:13:54 236][Px49e8][Tx6cd8][TRC] LENGINE    leng_shell 514  lEngine_RegisterCallBack() [out] 0
[2020/02/27 14:13:54 236][Px49e8][Tx6cd8][TRC] LENGINE    leng_shell 380  lEngine_PostMessage(df01848,302,2,) [in]
[2020/02/27 14:13:54 236][Px49e8][Tx6cd8][WAR] LENGINE    leng_shell 390  msg send while not active
[2020/02/27 14:13:54 236][Px49e8][Tx6cd8][DBG] MSPTHREAD  MSPThreadP 734  POST l_engine_4:10:1:0
[2020/02/27 14:13:54 236][Px49e8][Tx6cd8][TRC] LENGINE    leng_shell 407  lEngine_PostMessage() [out] 0
[2020/02/27 14:13:54 236][Px49e8][Tx6cd8][DBG] LENGINE    leng_rpc.c 533  luacRPCFuncProto_Invoke() [out] ret = 0
[2020/02/27 14:13:54 236][Px49e8][Tx61c8][TRC] LENGINE    leng_shell 461  lEngine_SendMessage() [out] 0
[2020/02/27 14:13:54 236][Px49e8][Tx61c8][TRC] QISR       qisr.c     254  QISRSessionBegin() [out] 0
[2020/02/27 14:13:54 236][Px49e8][Tx6ff0][INF] LLOADER    lloader.c  327  load ecode
[2020/02/27 14:13:54 236][Px49e8][Tx6ff0][INF] LLOADER    lloader.c  339  a intalled entry
[2020/02/27 14:13:54 236][Px49e8][Tx6ff0][INF] LLOADER    lloader.c  365  from rom
[2020/02/27 14:13:54 236][Px49e8][Tx6ff0][PRF] LLOADER    lloader.c  397  load ecode cost 0 (ms)
[2020/02/27 14:13:54 236][Px49e8][Tx6ff0][INF] LLOADER    lloader.c  327  load dkjson
[2020/02/27 14:13:54 236][Px49e8][Tx6ff0][INF] LLOADER    lloader.c  339  a intalled entry
[2020/02/27 14:13:54 236][Px49e8][Tx6ff0][INF] LLOADER    lloader.c  365  from rom
[2020/02/27 14:13:54 236][Px49e8][Tx6ff0][PRF] LLOADER    lloader.c  397  load dkjson cost 0 (ms)
[2020/02/27 14:13:54 236][Px49e8][Tx6ff0][INF] LLOADER    lloader.c  327  load debug
[2020/02/27 14:13:54 236][Px49e8][Tx6ff0][ERR] LLOADER    lloader.c  390  not found!
[2020/02/27 14:13:54 236][Px49e8][Tx6ff0][INF] LLOADER    lloader.c  327  load auth
[2020/02/27 14:13:54 236][Px49e8][Tx6ff0][INF] LLOADER    lloader.c  339  a intalled entry
[2020/02/27 14:13:54 236][Px49e8][Tx6ff0][INF] LLOADER    lloader.c  365  from rom
[2020/02/27 14:13:54 236][Px49e8][Tx6ff0][PRF] LLOADER    lloader.c  397  load auth cost 0 (ms)
[2020/02/27 14:13:54 240][Px49e8][Tx6ff0][TRC] LENGINE    luac_auth. 106  luac_loadluacAuth enter
[2020/02/27 14:13:54 240][Px49e8][Tx6ff0][TRC] LENGINE    luac_auth. 91   luac_openluacAuth enter
[2020/02/27 14:13:54 240][Px49e8][Tx6ff0][TRC] LENGINE    luac_auth. 99   luac_openluacAuth leave
[2020/02/27 14:13:54 240][Px49e8][Tx6ff0][TRC] LENGINE    luac_auth. 109  luac_loadluacAuth leave
[2020/02/27 14:13:54 240][Px49e8][Tx6ff0][INF] LLOADER    lloader.c  327  load config
[2020/02/27 14:13:54 240][Px49e8][Tx6ff0][INF] LLOADER    lloader.c  339  a intalled entry
[2020/02/27 14:13:54 240][Px49e8][Tx6ff0][INF] LLOADER    lloader.c  365  from rom
[2020/02/27 14:13:54 240][Px49e8][Tx6ff0][PRF] LLOADER    lloader.c  397  load config cost 0 (ms)
[2020/02/27 14:13:54 240][Px49e8][Tx6ff0][INF] LMOD       luac_logge 172  [config:43:use general cloud  ]
[2020/02/27 14:13:54 240][Px49e8][Tx6ff0][INF] LLOADER    lloader.c  327  load update
[2020/02/27 14:13:54 240][Px49e8][Tx6ff0][INF] LLOADER    lloader.c  339  a intalled entry
[2020/02/27 14:13:54 240][Px49e8][Tx6ff0][INF] LLOADER    lloader.c  365  from rom
[2020/02/27 14:13:54 240][Px49e8][Tx6ff0][PRF] LLOADER    lloader.c  397  load update cost 0 (ms)
[2020/02/27 14:13:54 240][Px49e8][Tx6ff0][INF] LLOADER    lloader.c  327  load transport
[2020/02/27 14:13:54 240][Px49e8][Tx6ff0][INF] LLOADER    lloader.c  339  a intalled entry
[2020/02/27 14:13:54 242][Px49e8][Tx6ff0][INF] LLOADER    lloader.c  365  from rom
[2020/02/27 14:13:54 242][Px49e8][Tx6ff0][PRF] LLOADER    lloader.c  397  load transport cost 0 (ms)
[2020/02/27 14:13:54 242][Px49e8][Tx6ff0][INF] LLOADER    lloader.c  327  load ns
[2020/02/27 14:13:54 242][Px49e8][Tx6ff0][INF] LLOADER    lloader.c  339  a intalled entry
[2020/02/27 14:13:54 242][Px49e8][Tx6ff0][INF] LLOADER    lloader.c  365  from rom
[2020/02/27 14:13:54 242][Px49e8][Tx6ff0][PRF] LLOADER    lloader.c  397  load ns cost 0 (ms)
[2020/02/27 14:13:54 243][Px49e8][Tx6ff0][INF] LLOADER    lloader.c  327  load network
[2020/02/27 14:13:54 243][Px49e8][Tx6ff0][INF] LLOADER    lloader.c  339  a intalled entry
[2020/02/27 14:13:54 243][Px49e8][Tx6ff0][INF] LLOADER    lloader.c  365  from rom
[2020/02/27 14:13:54 243][Px49e8][Tx6ff0][PRF] LLOADER    lloader.c  397  load network cost 0 (ms)
[2020/02/27 14:13:54 244][Px49e8][Tx6ff0][TRC] LENGINE    luac_auth. 118  luac_auth_new enter
[2020/02/27 14:13:54 244][Px49e8][Tx6ff0][TRC] LENGINE    luac_auth. 126  luac_auth_new leave
[2020/02/27 14:13:54 244][Px49e8][Tx6ff0][DBG] LENGINE    leng_main. 263  precall return 0
[2020/02/27 14:13:54 244][Px49e8][Tx6ff0][DBG] LENGINE    leng_main. 288  [isr_local], ACTIVE
[2020/02/27 14:13:54 244][Px49e8][Tx6ff0][DBG] LENGINE    leng_rpc.c 416  luacRPCFuncProto_Invoke(def63d0,df01848) [in]
[2020/02/27 14:13:54 244][Px49e8][Tx6ff0][TRC] LMOD       luac_logge 170  [isr_local:2210:os_type is:  Win32  ]
[2020/02/27 14:13:54 246][Px49e8][Tx6ff0][TRC] LMOD       luac_logge 170  [isr_local:2219:SYS_MSG_LOAD_LOCAL  ]
[2020/02/27 14:13:54 246][Px49e8][Tx6ff0][DBG] LENGINE    leng_rpc.c 533  luacRPCFuncProto_Invoke() [out] ret = 0
[2020/02/27 14:13:54 246][Px49e8][Tx6ff0][DBG] LENGINE    leng_main. 312  [isr_local], loaded
[2020/02/27 14:13:54 246][Px49e8][Tx6ff0][DBG] LENGINE    leng_rpc.c 416  luacRPCFuncProto_Invoke(def6220,df01848) [in]
[2020/02/27 14:13:54 246][Px49e8][Tx6ff0][TRC] LMOD       luac_logge 170  [isr_local:2248:SYS_MSG_REGCB_LOCAL| param0 =  msp_status_cb  ]
[2020/02/27 14:13:54 246][Px49e8][Tx6ff0][DBG] LENGINE    leng_rpc.c 533  luacRPCFuncProto_Invoke() [out] ret = 0
[2020/02/27 14:13:54 246][Px49e8][Tx6ff0][DBG] LENGINE    leng_main. 345  lEngine_LoadEnv() [out] successfully
[2020/02/27 14:13:54 246][Px49e8][Tx6ff0][DBG] LENGINE    leng_main. 571  isr_local, eng = l_engine_4, env = df01848, L = d43ab38
[2020/02/27 14:13:54 246][Px49e8][Tx6ff0][INF] LENGINE    leng_main. 572  l_engine_4 occupancy: 1 (33%)
[2020/02/27 14:13:54 246][Px49e8][Tx6ff0][DBG] LENGINE    leng_main. 690  ENGINE_MSG_REGCB
[2020/02/27 14:13:54 246][Px49e8][Tx6ff0][DBG] LENGINE    leng_main. 715  isr_local (local_service_cbmsg)
[2020/02/27 14:13:54 246][Px49e8][Tx6ff0][DBG] LENGINE    leng_rpc.c 416  luacRPCFuncProto_Invoke(def5a88,df01848) [in]
[2020/02/27 14:13:54 246][Px49e8][Tx6ff0][TRC] LMOD       luac_logge 170  [isr_local:2248:SYS_MSG_REGCB_LOCAL| param0 =  local_service_cbmsg  ]
[2020/02/27 14:13:54 246][Px49e8][Tx6ff0][DBG] LENGINE    leng_rpc.c 533  luacRPCFuncProto_Invoke() [out] ret = 0
[2020/02/27 14:13:54 246][Px49e8][Tx6ff0][DBG] LENGINE    leng_main. 517  ENGINE_MSG_RPC_ASYNC
[2020/02/27 14:13:54 246][Px49e8][Tx6ff0][DBG] LENGINE    leng_main. 525  [isr_local], stat = 1
[2020/02/27 14:13:54 246][Px49e8][Tx6ff0][DBG] LENGINE    leng_rpc.c 416  luacRPCFuncProto_Invoke(d3f8fe0,df01848) [in]
[2020/02/27 14:13:54 246][Px49e8][Tx6ff0][DBG] LMOD       luac_logge 178  [isr_local:2156:ASR_LOCAL_MSG_SSB  ]
[2020/02/27 14:13:54 246][Px49e8][Tx6ff0][TRC] LMOD       luac_logge 170  [isr_local:1268:esr_session_begin | params:  engine_type=local,asr_res_path=msc/res/asr/common.jet,sample_rate=16000,grm_build_path=msc/res/asr/GrmBuilld,local_grammar= ,result_type=xml,result_encoding=GB2312,asr_denoise=1  ]
[2020/02/27 14:13:54 246][Px49e8][Tx6ff0][TRC] LMOD       luac_logge 170  [isr_local:804:engine_type  :  local  ]
[2020/02/27 14:13:54 246][Px49e8][Tx6ff0][TRC] LMOD       luac_logge 170  [isr_local:804:asr_res_path  :  msc/res/asr/common.jet  ]
[2020/02/27 14:13:54 246][Px49e8][Tx6ff0][TRC] LMOD       luac_logge 170  [isr_local:804:sample_rate  :  16000  ]
[2020/02/27 14:13:54 246][Px49e8][Tx6ff0][TRC] LMOD       luac_logge 170  [isr_local:804:grm_build_path  :  msc/res/asr/GrmBuilld  ]
[2020/02/27 14:13:54 246][Px49e8][Tx6ff0][TRC] LMOD       luac_logge 170  [isr_local:804:local_grammar  :     ]
[2020/02/27 14:13:54 246][Px49e8][Tx6ff0][TRC] LMOD       luac_logge 170  [isr_local:804:result_type  :  xml  ]
[2020/02/27 14:13:54 246][Px49e8][Tx6ff0][TRC] LMOD       luac_logge 170  [isr_local:804:result_encoding  :  GB2312  ]
[2020/02/27 14:13:54 246][Px49e8][Tx6ff0][TRC] LMOD       luac_logge 170  [isr_local:804:asr_denoise  :  1  ]
[2020/02/27 14:13:54 246][Px49e8][Tx6ff0][TRC] LMOD       luac_logge 170  [isr_local:1313:init aitalk in ssb  ]
[2020/02/27 14:13:54 246][Px49e8][Tx6ff0][TRC] LMOD       luac_logge 170  [isr_local:1176:esr_init | params:  engine_type=local,asr_res_path=msc/res/asr/common.jet,sample_rate=16000,grm_build_path=msc/res/asr/GrmBuilld,local_grammar= ,result_type=xml,result_encoding=GB2312,asr_denoise=1  ]
[2020/02/27 14:13:54 246][Px49e8][Tx6ff0][TRC] LMOD       luac_logge 170  [isr_local:804:engine_type  :  local  ]
[2020/02/27 14:13:54 246][Px49e8][Tx6ff0][TRC] LMOD       luac_logge 170  [isr_local:804:asr_res_path  :  msc/res/asr/common.jet  ]
[2020/02/27 14:13:54 246][Px49e8][Tx6ff0][TRC] LMOD       luac_logge 170  [isr_local:804:sample_rate  :  16000  ]
[2020/02/27 14:13:54 246][Px49e8][Tx6ff0][TRC] LMOD       luac_logge 170  [isr_local:804:grm_build_path  :  msc/res/asr/GrmBuilld  ]
[2020/02/27 14:13:54 246][Px49e8][Tx6ff0][TRC] LMOD       luac_logge 170  [isr_local:804:local_grammar  :     ]
[2020/02/27 14:13:54 246][Px49e8][Tx6ff0][TRC] LMOD       luac_logge 170  [isr_local:804:result_type  :  xml  ]
[2020/02/27 14:13:54 246][Px49e8][Tx6ff0][TRC] LMOD       luac_logge 170  [isr_local:804:result_encoding  :  GB2312  ]
[2020/02/27 14:13:54 247][Px49e8][Tx6ff0][TRC] LMOD       luac_logge 170  [isr_local:804:asr_denoise  :  1  ]
[2020/02/27 14:13:54 247][Px49e8][Tx6ff0][TRC] LMOD       luac_logge 170  [isr_local:1084: lucEsr.new   ]
[2020/02/27 14:13:54 247][Px49e8][Tx6ff0][TRC] LENGINE    aitalk.c   201  Esr_New(df72f58, df01000, daff4fc) [in]
[2020/02/27 14:13:54 247][Px49e8][Tx6ff0][TRC] LENGINE    aitalk.c   245  Esr_New(df4e1a8, 0) [out]
[2020/02/27 14:13:54 247][Px49e8][Tx6ff0][TRC] LMOD       luac_logge 170  [isr_local:1001:file count =   1  ]
[2020/02/27 14:13:54 247][Px49e8][Tx6ff0][ERR] LMOD       luac_logge 166  [isr_local:919:res path is incomplete!  ]
[2020/02/27 14:13:54 247][Px49e8][Tx6ff0][TRC] LMOD       luac_logge 170  [isr_local:1007:parse respath substr error! :  23002  ]
[2020/02/27 14:13:54 247][Px49e8][Tx6ff0][ERR] LMOD       luac_logge 166  [isr_local:1093:parse_respath error! :  23002  ]
[2020/02/27 14:13:54 247][Px49e8][Tx6ff0][ERR] LMOD       luac_logge 166  [isr_local:1211:esr_init | create esr failed  ]
[2020/02/27 14:13:54 247][Px49e8][Tx6ff0][TRC] LENGINE    aitalk.c   371  Esr_Destroy(df4e1a8) [in]
[2020/02/27 14:13:54 247][Px49e8][Tx6ff0][TRC] LENGINE    aitalk.c   421  Esr_Destroy(0) [out]
[2020/02/27 14:13:54 247][Px49e8][Tx6ff0][ERR] LMOD       luac_logge 166  [isr_local:1317:esr_session_begin | init error! :  23002  ]
[2020/02/27 14:13:54 247][Px49e8][Tx6ff0][DBG] LMOD       luac_logge 178  [isr_local:2164:esr_session_begin, ret =   23002  ]
[2020/02/27 14:13:54 247][Px49e8][Tx6ff0][TRC] LMOD       luac_logge 170  [isr_local:278:process_retcode | latest_error =   23002  ]
[2020/02/27 14:13:54 247][Px49e8][Tx6ff0][DBG] MSPTHREAD  MSPThreadP 734  POST l_engine_5:10:1:1
[2020/02/27 14:13:54 247][Px49e8][Tx6ff0][PRF] LENGINE    leng_main. 189  callc(local_service_cbmsg) cost 0 ms
[2020/02/27 14:13:54 247][Px49e8][Tx6cd8][DBG] LENGINE    leng_main. 517  ENGINE_MSG_RPC_ASYNC
[2020/02/27 14:13:54 247][Px49e8][Tx6ff0][DBG] LENGINE    leng_rpc.c 533  luacRPCFuncProto_Invoke() [out] ret = 0
[2020/02/27 14:13:54 247][Px49e8][Tx6cd8][DBG] LENGINE    leng_main. 525  [cisr1PdHHBHx-UL4hNn0aaPu2BtQuYO5k9], stat = 1
[2020/02/27 14:13:54 247][Px49e8][Tx6cd8][DBG] LENGINE    leng_rpc.c 416  luacRPCFuncProto_Invoke(def5de8,d3fdfc8) [in]
[2020/02/27 14:13:54 247][Px49e8][Tx6cd8][TRC] LMOD       luac_logge 170  [isr:723:local_cbmsg_handler  ,msg=  409  param1=  23002  ]
[2020/02/27 14:13:54 247][Px49e8][Tx6cd8][ERR] LMOD       luac_logge 166  [isr:399:error occurred:   local  23002  ]
[2020/02/27 14:13:54 247][Px49e8][Tx6cd8][DBG] LENGINE    leng_rpc.c 533  luacRPCFuncProto_Invoke() [out] ret = 0
[2020/02/27 14:14:53 592][Px49e8][Tx61c8][TRC] QISR       qisr.c     307  QISRAudioWrite(e93ebdc,89c3cb0,6400,1,,) [in]
[2020/02/27 14:14:53 592][Px49e8][Tx61c8][TRC] QISR       qisr.c     313  QISRAudioWrite session addr:(d3fc8e0)
[2020/02/27 14:14:53 592][Px49e8][Tx61c8][TRC] LENGINE    leng_shell 380  lEngine_PostMessage(d3fdfc8,2,2,) [in]
[2020/02/27 14:14:53 592][Px49e8][Tx61c8][DBG] MSPTHREAD  MSPThreadP 734  POST l_engine_5:10:1:1
[2020/02/27 14:14:53 592][Px49e8][Tx61c8][TRC] LENGINE    leng_shell 407  lEngine_PostMessage() [out] 0
[2020/02/27 14:14:53 592][Px49e8][Tx6cd8][DBG] LENGINE    leng_main. 517  ENGINE_MSG_RPC_ASYNC
[2020/02/27 14:14:53 592][Px49e8][Tx61c8][TRC] QISR       qisr.c     370  QISRAudioWrite() [out] 23002
[2020/02/27 14:14:53 592][Px49e8][Tx6cd8][DBG] LENGINE    leng_main. 525  [cisr1PdHHBHx-UL4hNn0aaPu2BtQuYO5k9], stat = 1
[2020/02/27 14:14:53 592][Px49e8][Tx6cd8][DBG] LENGINE    leng_rpc.c 416  luacRPCFuncProto_Invoke(def64a8,d3fdfc8) [in]
[2020/02/27 14:14:53 594][Px49e8][Tx6cd8][TRC] LMOD       luac_logge 170  [isr:1547:ASR_MSG_AUW,   local  ]
[2020/02/27 14:14:53 594][Px49e8][Tx6cd8][TRC] LMOD       luac_logge 170  [isr:1559:6400  1  ]
[2020/02/27 14:14:53 594][Px49e8][Tx6cd8][TRC] LMOD       luac_logge 170  [isr:1569:once_bytes:   6400  ]
[2020/02/27 14:14:53 594][Px49e8][Tx6cd8][TRC] AUDIOCODEC audio_code 968  audioEncoder_Encode() [in]
[2020/02/27 14:14:53 594][Px49e8][Tx6cd8][INF] AUDIOCODEC audio_code 974  stat = 1, len = 6400
[2020/02/27 14:14:53 594][Px49e8][Tx6cd8][DBG] AUDIOCODEC audio_code 977  divided into 0 blocks
[2020/02/27 14:14:53 594][Px49e8][Tx6cd8][DBG] MSPTHREAD  MSPThreadP 734  POST audioEncoder:6:1:1
[2020/02/27 14:14:53 594][Px49e8][Tx6cd8][TRC] AUDIOCODEC audio_code 922  audioEncoder_GetVADParam(, 10001) [in]
[2020/02/27 14:14:53 594][Px49e8][Tx6cb8][TRC] AUDIOCODEC audio_code 184  ENCODE 6400, 1
[2020/02/27 14:14:53 594][Px49e8][Tx6cd8][DBG] LENGINE    leng_rpc.c 533  luacRPCFuncProto_Invoke() [out] ret = 0
[2020/02/27 14:14:53 618][Px49e8][Tx6cb8][DBG] AUDIOCODEC audio_code 227  iFlyFixFrontAppendData 6400
[2020/02/27 14:14:53 634][Px49e8][Tx6cb8][DBG] MSPTHREAD  MSPThreadP 734  POST l_engine_5:10:1:1
[2020/02/27 14:14:53 634][Px49e8][Tx6cb8][TRC] AUDIOCODEC audio_code 254  fetch from VAD 5760 Bytes WaveData
[2020/02/27 14:14:53 634][Px49e8][Tx6cd8][DBG] LENGINE    leng_main. 517  ENGINE_MSG_RPC_ASYNC
[2020/02/27 14:14:53 634][Px49e8][Tx6cb8][PRF] AUDIOCODEC audio_code 255  fetch 5760(Bytes) Wav cost 15(ms) (fea=0)
[2020/02/27 14:14:53 634][Px49e8][Tx6cd8][DBG] LENGINE    leng_main. 525  [cisr1PdHHBHx-UL4hNn0aaPu2BtQuYO5k9], stat = 1
[2020/02/27 14:14:53 634][Px49e8][Tx6cb8][DBG] AUDIOCODEC audio_code 271  vadStat = 5
[2020/02/27 14:14:53 634][Px49e8][Tx6cd8][DBG] LENGINE    leng_rpc.c 416  luacRPCFuncProto_Invoke(def5800,d3fdfc8) [in]
[2020/02/27 14:14:53 634][Px49e8][Tx6cb8][TRC] AUDIOCODEC audio_code 275  VAD: find start!
[2020/02/27 14:14:53 634][Px49e8][Tx6cd8][TRC] AUDIOCODEC audio_code 1047 audioEncoder_Read(, 230945728) [in]
[2020/02/27 14:14:53 634][Px49e8][Tx6cb8][DBG] MSPTHREAD  MSPThreadP 734  POST l_engine_5:10:1:0
[2020/02/27 14:14:53 634][Px49e8][Tx6cd8][DBG] AUDIOCODEC audio_code 1061 completed = 0, availEncodedSize = 0
[2020/02/27 14:14:53 634][Px49e8][Tx6cd8][DBG] LENGINE    leng_rpc.c 533  luacRPCFuncProto_Invoke() [out] ret = 0
[2020/02/27 14:14:53 634][Px49e8][Tx6cd8][DBG] LENGINE    leng_main. 517  ENGINE_MSG_RPC_ASYNC
[2020/02/27 14:14:53 634][Px49e8][Tx6cd8][DBG] LENGINE    leng_main. 525  [cisr1PdHHBHx-UL4hNn0aaPu2BtQuYO5k9], stat = 1
[2020/02/27 14:14:53 634][Px49e8][Tx6cd8][DBG] LENGINE    leng_rpc.c 416  luacRPCFuncProto_Invoke(def59b0,d3fdfc8) [in]
[2020/02/27 14:14:53 634][Px49e8][Tx6cb8][DBG] MSPTHREAD  MSPThreadP 734  POST l_engine_5:10:1:0
[2020/02/27 14:14:53 634][Px49e8][Tx6cd8][TRC] LMOD       luac_logge 170  [isr:851:[aud] speech start  ]
[2020/02/27 14:14:53 634][Px49e8][Tx6cd8][TRC] LMOD       luac_logge 170  [isr:798:1  msc  ]
[2020/02/27 14:14:53 634][Px49e8][Tx6cd8][TRC] AUDIOCODEC audio_code 1047 audioEncoder_Read(, 230945728) [in]
[2020/02/27 14:14:53 634][Px49e8][Tx6cd8][DBG] AUDIOCODEC audio_code 1061 completed = 0, availEncodedSize = 5760
[2020/02/27 14:14:53 634][Px49e8][Tx6cd8][DBG] LENGINE    leng_rpc.c 533  luacRPCFuncProto_Invoke() [out] ret = 0
[2020/02/27 14:14:53 634][Px49e8][Tx6cd8][DBG] LENGINE    leng_main. 517  ENGINE_MSG_RPC_ASYNC
[2020/02/27 14:14:53 634][Px49e8][Tx6cd8][DBG] LENGINE    leng_main. 525  [cisr1PdHHBHx-UL4hNn0aaPu2BtQuYO5k9], stat = 1
[2020/02/27 14:14:53 634][Px49e8][Tx6cd8][DBG] LENGINE    leng_rpc.c 416  luacRPCFuncProto_Invoke(def6658,d3fdfc8) [in]
[2020/02/27 14:14:53 634][Px49e8][Tx6cd8][TRC] AUDIOCODEC audio_code 1047 audioEncoder_Read(, 230945728) [in]
[2020/02/27 14:14:53 634][Px49e8][Tx6cd8][DBG] AUDIOCODEC audio_code 1061 completed = 0, availEncodedSize = 5760
[2020/02/27 14:14:53 634][Px49e8][Tx6cd8][DBG] LENGINE    leng_rpc.c 533  luacRPCFuncProto_Invoke() [out] ret = 0
